{"/Users/dorazzz/itmo-master-degree/DevOps/frontend/src/App.jsx": {"path":"/Users/dorazzz/itmo-master-degree/DevOps/frontend/src/App.jsx","all":false,"statementMap":{"0":{"start":{"line":1,"column":0},"end":{"line":1,"column":44}},"7":{"start":{"line":8,"column":0},"end":{"line":8,"column":38}},"8":{"start":{"line":9,"column":0},"end":{"line":9,"column":10}},"9":{"start":{"line":10,"column":0},"end":{"line":10,"column":12}},"10":{"start":{"line":11,"column":0},"end":{"line":11,"column":46}},"11":{"start":{"line":12,"column":0},"end":{"line":12,"column":52}},"12":{"start":{"line":13,"column":0},"end":{"line":13,"column":60}},"13":{"start":{"line":14,"column":0},"end":{"line":14,"column":40}},"14":{"start":{"line":15,"column":0},"end":{"line":15,"column":4}},"15":{"start":{"line":16,"column":0},"end":{"line":16,"column":1}},"17":{"start":{"line":18,"column":0},"end":{"line":18,"column":31}},"18":{"start":{"line":19,"column":0},"end":{"line":19,"column":52}},"19":{"start":{"line":20,"column":0},"end":{"line":20,"column":86}},"20":{"start":{"line":21,"column":0},"end":{"line":21,"column":49}},"21":{"start":{"line":22,"column":0},"end":{"line":22,"column":74}},"22":{"start":{"line":23,"column":0},"end":{"line":23,"column":41}},"23":{"start":{"line":24,"column":0},"end":{"line":24,"column":61}},"24":{"start":{"line":25,"column":0},"end":{"line":25,"column":49}},"25":{"start":{"line":26,"column":0},"end":{"line":26,"column":63}},"26":{"start":{"line":27,"column":0},"end":{"line":27,"column":57}},"27":{"start":{"line":28,"column":0},"end":{"line":28,"column":43}},"28":{"start":{"line":29,"column":0},"end":{"line":29,"column":49}},"29":{"start":{"line":30,"column":0},"end":{"line":30,"column":47}},"30":{"start":{"line":31,"column":0},"end":{"line":31,"column":77}},"31":{"start":{"line":32,"column":0},"end":{"line":32,"column":60}},"32":{"start":{"line":33,"column":0},"end":{"line":33,"column":47}},"34":{"start":{"line":35,"column":0},"end":{"line":35,"column":19}},"35":{"start":{"line":36,"column":0},"end":{"line":36,"column":88}},"36":{"start":{"line":37,"column":0},"end":{"line":37,"column":55}},"37":{"start":{"line":38,"column":0},"end":{"line":38,"column":35}},"38":{"start":{"line":39,"column":0},"end":{"line":39,"column":40}},"39":{"start":{"line":40,"column":0},"end":{"line":40,"column":35}},"40":{"start":{"line":41,"column":0},"end":{"line":41,"column":8}},"41":{"start":{"line":42,"column":0},"end":{"line":42,"column":52}},"42":{"start":{"line":43,"column":0},"end":{"line":43,"column":9}},"44":{"start":{"line":45,"column":0},"end":{"line":45,"column":19}},"45":{"start":{"line":46,"column":0},"end":{"line":46,"column":17}},"46":{"start":{"line":47,"column":0},"end":{"line":47,"column":20}},"47":{"start":{"line":48,"column":0},"end":{"line":48,"column":23}},"48":{"start":{"line":49,"column":0},"end":{"line":49,"column":13}},"49":{"start":{"line":50,"column":0},"end":{"line":50,"column":5}},"50":{"start":{"line":51,"column":0},"end":{"line":51,"column":7}},"51":{"start":{"line":52,"column":0},"end":{"line":52,"column":16}},"52":{"start":{"line":53,"column":0},"end":{"line":53,"column":30}},"53":{"start":{"line":54,"column":0},"end":{"line":54,"column":29}},"54":{"start":{"line":55,"column":0},"end":{"line":55,"column":78}},"55":{"start":{"line":56,"column":0},"end":{"line":56,"column":8}},"56":{"start":{"line":57,"column":0},"end":{"line":57,"column":44}},"57":{"start":{"line":58,"column":0},"end":{"line":58,"column":35}},"58":{"start":{"line":59,"column":0},"end":{"line":59,"column":29}},"59":{"start":{"line":60,"column":0},"end":{"line":60,"column":8}},"60":{"start":{"line":61,"column":0},"end":{"line":61,"column":25}},"61":{"start":{"line":62,"column":0},"end":{"line":62,"column":35}},"62":{"start":{"line":63,"column":0},"end":{"line":63,"column":21}},"63":{"start":{"line":64,"column":0},"end":{"line":64,"column":41}},"64":{"start":{"line":65,"column":0},"end":{"line":65,"column":9}},"65":{"start":{"line":66,"column":0},"end":{"line":66,"column":14}},"67":{"start":{"line":68,"column":0},"end":{"line":68,"column":19}},"68":{"start":{"line":69,"column":0},"end":{"line":69,"column":26}},"69":{"start":{"line":70,"column":0},"end":{"line":70,"column":31}},"70":{"start":{"line":71,"column":0},"end":{"line":71,"column":5}},"71":{"start":{"line":72,"column":0},"end":{"line":72,"column":13}},"73":{"start":{"line":74,"column":0},"end":{"line":74,"column":39}},"74":{"start":{"line":75,"column":0},"end":{"line":75,"column":88}},"75":{"start":{"line":76,"column":0},"end":{"line":76,"column":4}},"77":{"start":{"line":78,"column":0},"end":{"line":78,"column":43}},"78":{"start":{"line":79,"column":0},"end":{"line":79,"column":56}},"79":{"start":{"line":80,"column":0},"end":{"line":80,"column":34}},"80":{"start":{"line":81,"column":0},"end":{"line":81,"column":81}},"81":{"start":{"line":82,"column":0},"end":{"line":82,"column":37}},"82":{"start":{"line":83,"column":0},"end":{"line":83,"column":32}},"83":{"start":{"line":84,"column":0},"end":{"line":84,"column":7}},"84":{"start":{"line":85,"column":0},"end":{"line":85,"column":18}},"85":{"start":{"line":86,"column":0},"end":{"line":86,"column":7}},"86":{"start":{"line":87,"column":0},"end":{"line":87,"column":20}},"87":{"start":{"line":88,"column":0},"end":{"line":88,"column":4}},"89":{"start":{"line":90,"column":0},"end":{"line":90,"column":40}},"90":{"start":{"line":91,"column":0},"end":{"line":91,"column":41}},"91":{"start":{"line":92,"column":0},"end":{"line":92,"column":137}},"92":{"start":{"line":93,"column":0},"end":{"line":93,"column":4}},"94":{"start":{"line":95,"column":0},"end":{"line":95,"column":33}},"95":{"start":{"line":96,"column":0},"end":{"line":96,"column":17}},"96":{"start":{"line":97,"column":0},"end":{"line":97,"column":31}},"97":{"start":{"line":98,"column":0},"end":{"line":98,"column":5}},"98":{"start":{"line":99,"column":0},"end":{"line":99,"column":111}},"99":{"start":{"line":100,"column":0},"end":{"line":100,"column":33}},"100":{"start":{"line":101,"column":0},"end":{"line":101,"column":27}},"101":{"start":{"line":102,"column":0},"end":{"line":102,"column":7}},"102":{"start":{"line":103,"column":0},"end":{"line":103,"column":4}},"104":{"start":{"line":105,"column":0},"end":{"line":105,"column":39}},"105":{"start":{"line":106,"column":0},"end":{"line":106,"column":27}},"106":{"start":{"line":107,"column":0},"end":{"line":107,"column":21}},"107":{"start":{"line":108,"column":0},"end":{"line":108,"column":9}},"108":{"start":{"line":109,"column":0},"end":{"line":109,"column":36}},"109":{"start":{"line":110,"column":0},"end":{"line":110,"column":37}},"110":{"start":{"line":111,"column":0},"end":{"line":111,"column":7}},"111":{"start":{"line":112,"column":0},"end":{"line":112,"column":45}},"112":{"start":{"line":113,"column":0},"end":{"line":113,"column":36}},"113":{"start":{"line":114,"column":0},"end":{"line":114,"column":36}},"114":{"start":{"line":115,"column":0},"end":{"line":115,"column":9}},"115":{"start":{"line":116,"column":0},"end":{"line":116,"column":64}},"116":{"start":{"line":117,"column":0},"end":{"line":117,"column":43}},"117":{"start":{"line":118,"column":0},"end":{"line":118,"column":21}},"118":{"start":{"line":119,"column":0},"end":{"line":119,"column":34}},"119":{"start":{"line":120,"column":0},"end":{"line":120,"column":5}},"120":{"start":{"line":121,"column":0},"end":{"line":121,"column":4}},"122":{"start":{"line":123,"column":0},"end":{"line":123,"column":39}},"123":{"start":{"line":124,"column":0},"end":{"line":124,"column":9}},"124":{"start":{"line":125,"column":0},"end":{"line":125,"column":93}},"125":{"start":{"line":126,"column":0},"end":{"line":126,"column":25}},"126":{"start":{"line":127,"column":0},"end":{"line":127,"column":21}},"127":{"start":{"line":128,"column":0},"end":{"line":128,"column":33}},"128":{"start":{"line":129,"column":0},"end":{"line":129,"column":5}},"129":{"start":{"line":130,"column":0},"end":{"line":130,"column":4}},"131":{"start":{"line":132,"column":0},"end":{"line":132,"column":43}},"132":{"start":{"line":133,"column":0},"end":{"line":133,"column":27}},"133":{"start":{"line":134,"column":0},"end":{"line":134,"column":9}},"134":{"start":{"line":135,"column":0},"end":{"line":135,"column":75}},"135":{"start":{"line":136,"column":0},"end":{"line":136,"column":48}},"136":{"start":{"line":137,"column":0},"end":{"line":137,"column":23}},"137":{"start":{"line":138,"column":0},"end":{"line":138,"column":30}},"138":{"start":{"line":139,"column":0},"end":{"line":139,"column":21}},"139":{"start":{"line":140,"column":0},"end":{"line":140,"column":33}},"140":{"start":{"line":141,"column":0},"end":{"line":141,"column":5}},"141":{"start":{"line":142,"column":0},"end":{"line":142,"column":4}},"143":{"start":{"line":144,"column":0},"end":{"line":144,"column":40}},"144":{"start":{"line":145,"column":0},"end":{"line":145,"column":9}},"145":{"start":{"line":146,"column":0},"end":{"line":146,"column":42}},"146":{"start":{"line":147,"column":0},"end":{"line":147,"column":30}},"147":{"start":{"line":148,"column":0},"end":{"line":148,"column":21}},"148":{"start":{"line":149,"column":0},"end":{"line":149,"column":33}},"149":{"start":{"line":150,"column":0},"end":{"line":150,"column":5}},"150":{"start":{"line":151,"column":0},"end":{"line":151,"column":4}},"152":{"start":{"line":153,"column":0},"end":{"line":153,"column":35}},"153":{"start":{"line":154,"column":0},"end":{"line":154,"column":9}},"154":{"start":{"line":155,"column":0},"end":{"line":155,"column":46}},"155":{"start":{"line":156,"column":0},"end":{"line":156,"column":34}},"156":{"start":{"line":157,"column":0},"end":{"line":157,"column":30}},"157":{"start":{"line":158,"column":0},"end":{"line":158,"column":21}},"158":{"start":{"line":159,"column":0},"end":{"line":159,"column":33}},"159":{"start":{"line":160,"column":0},"end":{"line":160,"column":5}},"160":{"start":{"line":161,"column":0},"end":{"line":161,"column":4}},"162":{"start":{"line":163,"column":0},"end":{"line":163,"column":37}},"163":{"start":{"line":164,"column":0},"end":{"line":164,"column":9}},"164":{"start":{"line":165,"column":0},"end":{"line":165,"column":39}},"165":{"start":{"line":166,"column":0},"end":{"line":166,"column":30}},"166":{"start":{"line":167,"column":0},"end":{"line":167,"column":21}},"167":{"start":{"line":168,"column":0},"end":{"line":168,"column":33}},"168":{"start":{"line":169,"column":0},"end":{"line":169,"column":5}},"169":{"start":{"line":170,"column":0},"end":{"line":170,"column":4}},"171":{"start":{"line":172,"column":0},"end":{"line":172,"column":10}},"172":{"start":{"line":173,"column":0},"end":{"line":173,"column":31}},"173":{"start":{"line":174,"column":0},"end":{"line":174,"column":31}},"174":{"start":{"line":175,"column":0},"end":{"line":175,"column":13}},"175":{"start":{"line":176,"column":0},"end":{"line":176,"column":59}},"176":{"start":{"line":177,"column":0},"end":{"line":177,"column":35}},"178":{"start":{"line":179,"column":0},"end":{"line":179,"column":14}},"179":{"start":{"line":180,"column":0},"end":{"line":180,"column":14}},"180":{"start":{"line":181,"column":0},"end":{"line":181,"column":17}},"181":{"start":{"line":182,"column":0},"end":{"line":182,"column":37}},"182":{"start":{"line":183,"column":0},"end":{"line":183,"column":44}},"183":{"start":{"line":184,"column":0},"end":{"line":184,"column":75}},"184":{"start":{"line":185,"column":0},"end":{"line":185,"column":30}},"185":{"start":{"line":186,"column":0},"end":{"line":186,"column":41}},"186":{"start":{"line":187,"column":0},"end":{"line":187,"column":118}},"188":{"start":{"line":189,"column":0},"end":{"line":189,"column":25}},"189":{"start":{"line":190,"column":0},"end":{"line":190,"column":120}},"191":{"start":{"line":192,"column":0},"end":{"line":192,"column":25}},"192":{"start":{"line":193,"column":0},"end":{"line":193,"column":20}},"193":{"start":{"line":194,"column":0},"end":{"line":194,"column":21}},"194":{"start":{"line":195,"column":0},"end":{"line":195,"column":19}},"195":{"start":{"line":196,"column":0},"end":{"line":196,"column":38}},"196":{"start":{"line":197,"column":0},"end":{"line":197,"column":30}},"197":{"start":{"line":198,"column":0},"end":{"line":198,"column":29}},"198":{"start":{"line":199,"column":0},"end":{"line":199,"column":49}},"199":{"start":{"line":200,"column":0},"end":{"line":200,"column":16}},"200":{"start":{"line":201,"column":0},"end":{"line":201,"column":27}},"201":{"start":{"line":202,"column":0},"end":{"line":202,"column":13}},"203":{"start":{"line":204,"column":0},"end":{"line":204,"column":21}},"204":{"start":{"line":205,"column":0},"end":{"line":205,"column":16}},"205":{"start":{"line":206,"column":0},"end":{"line":206,"column":17}},"206":{"start":{"line":207,"column":0},"end":{"line":207,"column":15}},"208":{"start":{"line":209,"column":0},"end":{"line":209,"column":17}},"209":{"start":{"line":210,"column":0},"end":{"line":210,"column":18}},"210":{"start":{"line":211,"column":0},"end":{"line":211,"column":29}},"211":{"start":{"line":212,"column":0},"end":{"line":212,"column":29}},"212":{"start":{"line":213,"column":0},"end":{"line":213,"column":31}},"213":{"start":{"line":214,"column":0},"end":{"line":214,"column":35}},"214":{"start":{"line":215,"column":0},"end":{"line":215,"column":37}},"215":{"start":{"line":216,"column":0},"end":{"line":216,"column":31}},"216":{"start":{"line":217,"column":0},"end":{"line":217,"column":10}},"218":{"start":{"line":219,"column":0},"end":{"line":219,"column":36}},"219":{"start":{"line":220,"column":0},"end":{"line":220,"column":39}},"220":{"start":{"line":221,"column":0},"end":{"line":221,"column":14}},"221":{"start":{"line":222,"column":0},"end":{"line":222,"column":27}},"222":{"start":{"line":223,"column":0},"end":{"line":223,"column":35}},"223":{"start":{"line":224,"column":0},"end":{"line":224,"column":31}},"224":{"start":{"line":225,"column":0},"end":{"line":225,"column":37}},"225":{"start":{"line":226,"column":0},"end":{"line":226,"column":51}},"226":{"start":{"line":227,"column":0},"end":{"line":227,"column":45}},"227":{"start":{"line":228,"column":0},"end":{"line":228,"column":33}},"228":{"start":{"line":229,"column":0},"end":{"line":229,"column":32}},"229":{"start":{"line":230,"column":0},"end":{"line":230,"column":47}},"230":{"start":{"line":231,"column":0},"end":{"line":231,"column":43}},"231":{"start":{"line":232,"column":0},"end":{"line":232,"column":41}},"232":{"start":{"line":233,"column":0},"end":{"line":233,"column":16}},"233":{"start":{"line":234,"column":0},"end":{"line":234,"column":78}},"234":{"start":{"line":235,"column":0},"end":{"line":235,"column":15}},"235":{"start":{"line":236,"column":0},"end":{"line":236,"column":19}},"236":{"start":{"line":237,"column":0},"end":{"line":237,"column":58}},"237":{"start":{"line":238,"column":0},"end":{"line":238,"column":23}},"238":{"start":{"line":239,"column":0},"end":{"line":239,"column":29}},"239":{"start":{"line":240,"column":0},"end":{"line":240,"column":27}},"240":{"start":{"line":241,"column":0},"end":{"line":241,"column":25}},"241":{"start":{"line":242,"column":0},"end":{"line":242,"column":36}},"242":{"start":{"line":243,"column":0},"end":{"line":243,"column":36}},"243":{"start":{"line":244,"column":0},"end":{"line":244,"column":42}},"244":{"start":{"line":245,"column":0},"end":{"line":245,"column":35}},"245":{"start":{"line":246,"column":0},"end":{"line":246,"column":14}},"246":{"start":{"line":247,"column":0},"end":{"line":247,"column":19}},"247":{"start":{"line":248,"column":0},"end":{"line":248,"column":15}},"249":{"start":{"line":250,"column":0},"end":{"line":250,"column":10}},"251":{"start":{"line":252,"column":0},"end":{"line":252,"column":1}}},"s":{"0":1,"7":4,"8":4,"9":4,"10":4,"11":4,"12":4,"13":4,"14":4,"15":4,"17":60,"18":60,"19":60,"20":60,"21":60,"22":60,"23":60,"24":60,"25":60,"26":60,"27":60,"28":60,"29":60,"30":60,"31":60,"32":60,"34":60,"35":13,"36":13,"37":13,"38":13,"39":13,"40":13,"41":13,"42":60,"44":60,"45":16,"46":5,"47":5,"48":5,"49":5,"50":11,"51":11,"52":11,"53":10,"54":10,"55":11,"56":11,"57":10,"58":10,"59":11,"60":11,"61":1,"62":1,"63":1,"64":11,"65":60,"67":60,"68":23,"69":20,"70":20,"71":60,"73":60,"74":5,"75":5,"77":60,"78":3,"79":3,"80":3,"81":3,"82":1,"83":1,"84":3,"85":3,"86":3,"87":3,"89":60,"90":3,"91":3,"92":3,"94":60,"95":2,"96":0,"97":0,"98":2,"99":2,"100":2,"101":2,"102":2,"104":60,"105":2,"106":2,"107":2,"108":2,"109":1,"110":1,"111":2,"112":2,"113":2,"114":2,"115":1,"116":1,"117":1,"118":1,"119":1,"120":2,"122":60,"123":2,"124":2,"125":1,"126":1,"127":1,"128":1,"129":2,"131":60,"132":2,"133":2,"134":2,"135":1,"136":1,"137":1,"138":1,"139":1,"140":1,"141":2,"143":60,"144":1,"145":1,"146":0,"147":1,"148":1,"149":1,"150":1,"152":60,"153":2,"154":2,"155":1,"156":1,"157":1,"158":1,"159":1,"160":2,"162":60,"163":0,"164":0,"165":0,"166":0,"167":0,"168":0,"169":0,"171":60,"172":60,"173":60,"174":60,"175":60,"176":60,"178":60,"179":60,"180":60,"181":30,"182":30,"183":30,"184":30,"185":12,"186":12,"188":12,"189":12,"191":12,"192":12,"193":18,"194":30,"195":30,"196":30,"197":1,"198":1,"199":1,"200":30,"201":30,"203":30,"204":30,"205":30,"206":60,"208":60,"209":20,"210":20,"211":20,"212":20,"213":20,"214":20,"215":20,"216":20,"218":40,"219":40,"220":33,"221":33,"222":33,"223":33,"224":33,"225":33,"226":33,"227":33,"228":33,"229":33,"230":33,"231":33,"232":33,"233":33,"234":33,"235":7,"236":40,"237":7,"238":7,"239":7,"240":7,"241":7,"242":7,"243":7,"244":7,"245":7,"246":33,"247":40,"249":60,"251":60},"branchMap":{"0":{"type":"branch","line":8,"loc":{"start":{"line":8,"column":0},"end":{"line":16,"column":1}},"locations":[{"start":{"line":8,"column":0},"end":{"line":16,"column":1}}]},"1":{"type":"branch","line":18,"loc":{"start":{"line":18,"column":0},"end":{"line":252,"column":1}},"locations":[{"start":{"line":18,"column":0},"end":{"line":252,"column":1}}]},"2":{"type":"branch","line":22,"loc":{"start":{"line":22,"column":65},"end":{"line":22,"column":72}},"locations":[{"start":{"line":22,"column":65},"end":{"line":22,"column":72}}]},"3":{"type":"branch","line":181,"loc":{"start":{"line":181,"column":9},"end":{"line":205,"column":16}},"locations":[{"start":{"line":181,"column":9},"end":{"line":205,"column":16}}]},"4":{"type":"branch","line":184,"loc":{"start":{"line":184,"column":24},"end":{"line":184,"column":53}},"locations":[{"start":{"line":184,"column":24},"end":{"line":184,"column":53}}]},"5":{"type":"branch","line":184,"loc":{"start":{"line":184,"column":35},"end":{"line":184,"column":68}},"locations":[{"start":{"line":184,"column":35},"end":{"line":184,"column":68}}]},"6":{"type":"branch","line":185,"loc":{"start":{"line":185,"column":18},"end":{"line":193,"column":20}},"locations":[{"start":{"line":185,"column":18},"end":{"line":193,"column":20}}]},"7":{"type":"branch","line":187,"loc":{"start":{"line":187,"column":53},"end":{"line":187,"column":73}},"locations":[{"start":{"line":187,"column":53},"end":{"line":187,"column":73}}]},"8":{"type":"branch","line":187,"loc":{"start":{"line":187,"column":62},"end":{"line":187,"column":77}},"locations":[{"start":{"line":187,"column":62},"end":{"line":187,"column":77}}]},"9":{"type":"branch","line":190,"loc":{"start":{"line":190,"column":53},"end":{"line":190,"column":74}},"locations":[{"start":{"line":190,"column":53},"end":{"line":190,"column":74}}]},"10":{"type":"branch","line":190,"loc":{"start":{"line":190,"column":63},"end":{"line":190,"column":78}},"locations":[{"start":{"line":190,"column":63},"end":{"line":190,"column":78}}]},"11":{"type":"branch","line":193,"loc":{"start":{"line":193,"column":14},"end":{"line":194,"column":21}},"locations":[{"start":{"line":193,"column":14},"end":{"line":194,"column":21}}]},"12":{"type":"branch","line":205,"loc":{"start":{"line":205,"column":10},"end":{"line":206,"column":17}},"locations":[{"start":{"line":205,"column":10},"end":{"line":206,"column":17}}]},"13":{"type":"branch","line":209,"loc":{"start":{"line":209,"column":8},"end":{"line":217,"column":10}},"locations":[{"start":{"line":209,"column":8},"end":{"line":217,"column":10}}]},"14":{"type":"branch","line":217,"loc":{"start":{"line":217,"column":8},"end":{"line":248,"column":15}},"locations":[{"start":{"line":217,"column":8},"end":{"line":248,"column":15}}]},"15":{"type":"branch","line":220,"loc":{"start":{"line":220,"column":29},"end":{"line":235,"column":15}},"locations":[{"start":{"line":220,"column":29},"end":{"line":235,"column":15}}]},"16":{"type":"branch","line":235,"loc":{"start":{"line":235,"column":12},"end":{"line":236,"column":19}},"locations":[{"start":{"line":235,"column":12},"end":{"line":236,"column":19}}]},"17":{"type":"branch","line":237,"loc":{"start":{"line":237,"column":11},"end":{"line":237,"column":29}},"locations":[{"start":{"line":237,"column":11},"end":{"line":237,"column":29}}]},"18":{"type":"branch","line":237,"loc":{"start":{"line":237,"column":17},"end":{"line":237,"column":58}},"locations":[{"start":{"line":237,"column":17},"end":{"line":237,"column":58}}]},"19":{"type":"branch","line":237,"loc":{"start":{"line":237,"column":47},"end":{"line":246,"column":14}},"locations":[{"start":{"line":237,"column":47},"end":{"line":246,"column":14}}]},"20":{"type":"branch","line":246,"loc":{"start":{"line":246,"column":12},"end":{"line":247,"column":19}},"locations":[{"start":{"line":246,"column":12},"end":{"line":247,"column":19}}]},"21":{"type":"branch","line":35,"loc":{"start":{"line":35,"column":12},"end":{"line":43,"column":5}},"locations":[{"start":{"line":35,"column":12},"end":{"line":43,"column":5}}]},"22":{"type":"branch","line":37,"loc":{"start":{"line":37,"column":12},"end":{"line":41,"column":7}},"locations":[{"start":{"line":37,"column":12},"end":{"line":41,"column":7}}]},"23":{"type":"branch","line":45,"loc":{"start":{"line":45,"column":12},"end":{"line":66,"column":5}},"locations":[{"start":{"line":45,"column":12},"end":{"line":66,"column":5}}]},"24":{"type":"branch","line":46,"loc":{"start":{"line":46,"column":16},"end":{"line":50,"column":5}},"locations":[{"start":{"line":46,"column":16},"end":{"line":50,"column":5}}]},"25":{"type":"branch","line":50,"loc":{"start":{"line":50,"column":4},"end":{"line":65,"column":9}},"locations":[{"start":{"line":50,"column":4},"end":{"line":65,"column":9}}]},"26":{"type":"branch","line":53,"loc":{"start":{"line":53,"column":12},"end":{"line":56,"column":7}},"locations":[{"start":{"line":53,"column":12},"end":{"line":56,"column":7}}]},"27":{"type":"branch","line":57,"loc":{"start":{"line":57,"column":12},"end":{"line":60,"column":7}},"locations":[{"start":{"line":57,"column":12},"end":{"line":60,"column":7}}]},"28":{"type":"branch","line":61,"loc":{"start":{"line":61,"column":13},"end":{"line":65,"column":7}},"locations":[{"start":{"line":61,"column":13},"end":{"line":65,"column":7}}]},"29":{"type":"branch","line":68,"loc":{"start":{"line":68,"column":12},"end":{"line":72,"column":5}},"locations":[{"start":{"line":68,"column":12},"end":{"line":72,"column":5}}]},"30":{"type":"branch","line":69,"loc":{"start":{"line":69,"column":9},"end":{"line":69,"column":25}},"locations":[{"start":{"line":69,"column":9},"end":{"line":69,"column":25}}]},"31":{"type":"branch","line":69,"loc":{"start":{"line":69,"column":25},"end":{"line":71,"column":5}},"locations":[{"start":{"line":69,"column":25},"end":{"line":71,"column":5}}]},"32":{"type":"branch","line":74,"loc":{"start":{"line":74,"column":27},"end":{"line":76,"column":4}},"locations":[{"start":{"line":74,"column":27},"end":{"line":76,"column":4}}]},"33":{"type":"branch","line":75,"loc":{"start":{"line":75,"column":16},"end":{"line":75,"column":86}},"locations":[{"start":{"line":75,"column":16},"end":{"line":75,"column":86}}]},"34":{"type":"branch","line":78,"loc":{"start":{"line":78,"column":31},"end":{"line":88,"column":4}},"locations":[{"start":{"line":78,"column":31},"end":{"line":88,"column":4}}]},"35":{"type":"branch","line":80,"loc":{"start":{"line":80,"column":20},"end":{"line":86,"column":5}},"locations":[{"start":{"line":80,"column":20},"end":{"line":86,"column":5}}]},"36":{"type":"branch","line":81,"loc":{"start":{"line":81,"column":50},"end":{"line":81,"column":73}},"locations":[{"start":{"line":81,"column":50},"end":{"line":81,"column":73}}]},"37":{"type":"branch","line":82,"loc":{"start":{"line":82,"column":36},"end":{"line":84,"column":7}},"locations":[{"start":{"line":82,"column":36},"end":{"line":84,"column":7}}]},"38":{"type":"branch","line":90,"loc":{"start":{"line":90,"column":28},"end":{"line":93,"column":4}},"locations":[{"start":{"line":90,"column":28},"end":{"line":93,"column":4}}]},"39":{"type":"branch","line":92,"loc":{"start":{"line":92,"column":17},"end":{"line":92,"column":135}},"locations":[{"start":{"line":92,"column":17},"end":{"line":92,"column":135}}]},"40":{"type":"branch","line":92,"loc":{"start":{"line":92,"column":107},"end":{"line":92,"column":119}},"locations":[{"start":{"line":92,"column":107},"end":{"line":92,"column":119}}]},"41":{"type":"branch","line":92,"loc":{"start":{"line":92,"column":111},"end":{"line":92,"column":133}},"locations":[{"start":{"line":92,"column":111},"end":{"line":92,"column":133}}]},"42":{"type":"branch","line":95,"loc":{"start":{"line":95,"column":26},"end":{"line":103,"column":4}},"locations":[{"start":{"line":95,"column":26},"end":{"line":103,"column":4}}]},"43":{"type":"branch","line":96,"loc":{"start":{"line":96,"column":16},"end":{"line":98,"column":5}},"locations":[{"start":{"line":96,"column":16},"end":{"line":98,"column":5}}]},"44":{"type":"branch","line":99,"loc":{"start":{"line":99,"column":79},"end":{"line":102,"column":5}},"locations":[{"start":{"line":99,"column":79},"end":{"line":102,"column":5}}]},"45":{"type":"branch","line":105,"loc":{"start":{"line":105,"column":21},"end":{"line":121,"column":4}},"locations":[{"start":{"line":105,"column":21},"end":{"line":121,"column":4}}]},"46":{"type":"branch","line":109,"loc":{"start":{"line":109,"column":35},"end":{"line":111,"column":7}},"locations":[{"start":{"line":109,"column":35},"end":{"line":111,"column":7}}]},"47":{"type":"branch","line":115,"loc":{"start":{"line":115,"column":7},"end":{"line":120,"column":5}},"locations":[{"start":{"line":115,"column":7},"end":{"line":120,"column":5}}]},"48":{"type":"branch","line":123,"loc":{"start":{"line":123,"column":26},"end":{"line":130,"column":4}},"locations":[{"start":{"line":123,"column":26},"end":{"line":130,"column":4}}]},"49":{"type":"branch","line":125,"loc":{"start":{"line":125,"column":91},"end":{"line":129,"column":5}},"locations":[{"start":{"line":125,"column":91},"end":{"line":129,"column":5}}]},"50":{"type":"branch","line":132,"loc":{"start":{"line":132,"column":25},"end":{"line":142,"column":4}},"locations":[{"start":{"line":132,"column":25},"end":{"line":142,"column":4}}]},"51":{"type":"branch","line":135,"loc":{"start":{"line":135,"column":73},"end":{"line":141,"column":5}},"locations":[{"start":{"line":135,"column":73},"end":{"line":141,"column":5}}]},"52":{"type":"branch","line":144,"loc":{"start":{"line":144,"column":25},"end":{"line":151,"column":4}},"locations":[{"start":{"line":144,"column":25},"end":{"line":151,"column":4}}]},"53":{"type":"branch","line":146,"loc":{"start":{"line":146,"column":40},"end":{"line":148,"column":13}},"locations":[{"start":{"line":146,"column":40},"end":{"line":148,"column":13}}]},"54":{"type":"branch","line":153,"loc":{"start":{"line":153,"column":22},"end":{"line":161,"column":4}},"locations":[{"start":{"line":153,"column":22},"end":{"line":161,"column":4}}]},"55":{"type":"branch","line":155,"loc":{"start":{"line":155,"column":44},"end":{"line":160,"column":5}},"locations":[{"start":{"line":155,"column":44},"end":{"line":160,"column":5}}]},"56":{"type":"branch","line":187,"loc":{"start":{"line":187,"column":86},"end":{"line":187,"column":118}},"locations":[{"start":{"line":187,"column":86},"end":{"line":187,"column":118}}]},"57":{"type":"branch","line":190,"loc":{"start":{"line":190,"column":87},"end":{"line":190,"column":120}},"locations":[{"start":{"line":190,"column":87},"end":{"line":190,"column":120}}]},"58":{"type":"branch","line":197,"loc":{"start":{"line":197,"column":23},"end":{"line":200,"column":16}},"locations":[{"start":{"line":197,"column":23},"end":{"line":200,"column":16}}]}},"b":{"0":[4],"1":[60],"2":[20],"3":[30],"4":[12],"5":[18],"6":[12],"7":[5],"8":[7],"9":[7],"10":[5],"11":[18],"12":[30],"13":[20],"14":[40],"15":[33],"16":[7],"17":[29],"18":[12],"19":[7],"20":[33],"21":[13],"22":[13],"23":[16],"24":[5],"25":[11],"26":[10],"27":[10],"28":[1],"29":[23],"30":[9],"31":[20],"32":[5],"33":[5],"34":[3],"35":[3],"36":[0],"37":[1],"38":[3],"39":[3],"40":[2],"41":[1],"42":[2],"43":[0],"44":[2],"45":[2],"46":[1],"47":[1],"48":[2],"49":[1],"50":[2],"51":[1],"52":[1],"53":[0],"54":[2],"55":[1],"56":[1],"57":[3],"58":[1]},"fnMap":{"0":{"name":"normalizeScenarioForm","decl":{"start":{"line":8,"column":0},"end":{"line":16,"column":1}},"loc":{"start":{"line":8,"column":0},"end":{"line":16,"column":1}},"line":8},"1":{"name":"App","decl":{"start":{"line":18,"column":0},"end":{"line":252,"column":1}},"loc":{"start":{"line":18,"column":0},"end":{"line":252,"column":1}},"line":18},"2":{"name":"handleAuthChange","decl":{"start":{"line":74,"column":27},"end":{"line":76,"column":4}},"loc":{"start":{"line":74,"column":27},"end":{"line":76,"column":4}},"line":74},"3":{"name":"handleScenarioChange","decl":{"start":{"line":78,"column":31},"end":{"line":88,"column":4}},"loc":{"start":{"line":78,"column":31},"end":{"line":88,"column":4}},"line":78},"4":{"name":"handleToxinChange","decl":{"start":{"line":90,"column":28},"end":{"line":93,"column":4}},"loc":{"start":{"line":90,"column":28},"end":{"line":93,"column":4}},"line":90},"5":{"name":"reloadAdminData","decl":{"start":{"line":95,"column":26},"end":{"line":103,"column":4}},"loc":{"start":{"line":95,"column":26},"end":{"line":103,"column":4}},"line":95},"6":{"name":"submitAuth","decl":{"start":{"line":105,"column":21},"end":{"line":121,"column":4}},"loc":{"start":{"line":105,"column":21},"end":{"line":121,"column":4}},"line":105},"7":{"name":"previewScenario","decl":{"start":{"line":123,"column":26},"end":{"line":130,"column":4}},"loc":{"start":{"line":123,"column":26},"end":{"line":130,"column":4}},"line":123},"8":{"name":"submitScenario","decl":{"start":{"line":132,"column":25},"end":{"line":142,"column":4}},"loc":{"start":{"line":132,"column":25},"end":{"line":142,"column":4}},"line":132},"9":{"name":"deleteScenario","decl":{"start":{"line":144,"column":25},"end":{"line":151,"column":4}},"loc":{"start":{"line":144,"column":25},"end":{"line":151,"column":4}},"line":144},"10":{"name":"createToxin","decl":{"start":{"line":153,"column":22},"end":{"line":161,"column":4}},"loc":{"start":{"line":153,"column":22},"end":{"line":161,"column":4}},"line":153},"11":{"name":"deleteToxin","decl":{"start":{"line":163,"column":22},"end":{"line":170,"column":4}},"loc":{"start":{"line":163,"column":22},"end":{"line":170,"column":4}},"line":163},"12":{"name":"onClick","decl":{"start":{"line":187,"column":86},"end":{"line":187,"column":118}},"loc":{"start":{"line":187,"column":86},"end":{"line":187,"column":118}},"line":187},"13":{"name":"onClick","decl":{"start":{"line":190,"column":87},"end":{"line":190,"column":120}},"loc":{"start":{"line":190,"column":87},"end":{"line":190,"column":120}},"line":190},"14":{"name":"onClick","decl":{"start":{"line":197,"column":23},"end":{"line":200,"column":16}},"loc":{"start":{"line":197,"column":23},"end":{"line":200,"column":16}},"line":197}},"f":{"0":4,"1":60,"2":5,"3":3,"4":3,"5":2,"6":2,"7":2,"8":2,"9":1,"10":2,"11":0,"12":1,"13":3,"14":1}}
,"/Users/dorazzz/itmo-master-degree/DevOps/frontend/src/main.jsx": {"path":"/Users/dorazzz/itmo-master-degree/DevOps/frontend/src/main.jsx","all":false,"statementMap":{"0":{"start":{"line":1,"column":0},"end":{"line":1,"column":26}},"1":{"start":{"line":2,"column":0},"end":{"line":2,"column":40}},"2":{"start":{"line":3,"column":0},"end":{"line":3,"column":24}},"3":{"start":{"line":4,"column":0},"end":{"line":4,"column":28}},"5":{"start":{"line":6,"column":0},"end":{"line":6,"column":60}},"6":{"start":{"line":7,"column":0},"end":{"line":7,"column":20}},"7":{"start":{"line":8,"column":0},"end":{"line":8,"column":11}},"8":{"start":{"line":9,"column":0},"end":{"line":9,"column":22}},"9":{"start":{"line":10,"column":0},"end":{"line":10,"column":2}}},"s":{"0":1,"1":1,"2":1,"3":1,"5":1,"6":1,"7":1,"8":1,"9":1},"branchMap":{},"b":{},"fnMap":{},"f":{}}
,"/Users/dorazzz/itmo-master-degree/DevOps/frontend/src/components/AdminPanel.jsx": {"path":"/Users/dorazzz/itmo-master-degree/DevOps/frontend/src/components/AdminPanel.jsx","all":false,"statementMap":{"0":{"start":{"line":1,"column":0},"end":{"line":1,"column":23}},"1":{"start":{"line":2,"column":0},"end":{"line":2,"column":11}},"2":{"start":{"line":3,"column":0},"end":{"line":3,"column":18}},"3":{"start":{"line":4,"column":0},"end":{"line":4,"column":29}},"4":{"start":{"line":5,"column":0},"end":{"line":5,"column":19}},"5":{"start":{"line":6,"column":0},"end":{"line":6,"column":18}},"6":{"start":{"line":7,"column":0},"end":{"line":7,"column":20}},"7":{"start":{"line":8,"column":0},"end":{"line":8,"column":21}},"8":{"start":{"line":9,"column":0},"end":{"line":9,"column":2}},"10":{"start":{"line":11,"column":0},"end":{"line":11,"column":94}},"11":{"start":{"line":12,"column":0},"end":{"line":12,"column":34}},"12":{"start":{"line":13,"column":0},"end":{"line":13,"column":16}},"13":{"start":{"line":14,"column":0},"end":{"line":14,"column":3}},"15":{"start":{"line":16,"column":0},"end":{"line":16,"column":10}},"16":{"start":{"line":17,"column":0},"end":{"line":17,"column":31}},"17":{"start":{"line":18,"column":0},"end":{"line":18,"column":36}},"18":{"start":{"line":19,"column":0},"end":{"line":19,"column":13}},"19":{"start":{"line":20,"column":0},"end":{"line":20,"column":54}},"20":{"start":{"line":21,"column":0},"end":{"line":21,"column":38}},"21":{"start":{"line":22,"column":0},"end":{"line":22,"column":14}},"22":{"start":{"line":23,"column":0},"end":{"line":23,"column":12}},"24":{"start":{"line":25,"column":0},"end":{"line":25,"column":11}},"25":{"start":{"line":26,"column":0},"end":{"line":26,"column":29}},"26":{"start":{"line":27,"column":0},"end":{"line":27,"column":30}},"27":{"start":{"line":28,"column":0},"end":{"line":28,"column":33}},"28":{"start":{"line":29,"column":0},"end":{"line":29,"column":21}},"29":{"start":{"line":30,"column":0},"end":{"line":30,"column":10}},"31":{"start":{"line":32,"column":0},"end":{"line":32,"column":15}},"33":{"start":{"line":34,"column":0},"end":{"line":34,"column":83}},"34":{"start":{"line":35,"column":0},"end":{"line":35,"column":16}},"35":{"start":{"line":36,"column":0},"end":{"line":36,"column":15}},"37":{"start":{"line":38,"column":0},"end":{"line":38,"column":91}},"38":{"start":{"line":39,"column":0},"end":{"line":39,"column":53}},"39":{"start":{"line":40,"column":0},"end":{"line":40,"column":64}},"40":{"start":{"line":41,"column":0},"end":{"line":41,"column":19}},"41":{"start":{"line":42,"column":0},"end":{"line":42,"column":16}},"42":{"start":{"line":43,"column":0},"end":{"line":43,"column":32}},"44":{"start":{"line":45,"column":0},"end":{"line":45,"column":100}},"45":{"start":{"line":46,"column":0},"end":{"line":46,"column":16}},"46":{"start":{"line":47,"column":0},"end":{"line":47,"column":15}},"48":{"start":{"line":49,"column":0},"end":{"line":49,"column":123}},"49":{"start":{"line":50,"column":0},"end":{"line":50,"column":16}},"50":{"start":{"line":51,"column":0},"end":{"line":51,"column":15}},"52":{"start":{"line":53,"column":0},"end":{"line":53,"column":121}},"53":{"start":{"line":54,"column":0},"end":{"line":54,"column":16}},"54":{"start":{"line":55,"column":0},"end":{"line":55,"column":15}},"56":{"start":{"line":57,"column":0},"end":{"line":57,"column":125}},"57":{"start":{"line":58,"column":0},"end":{"line":58,"column":16}},"58":{"start":{"line":59,"column":0},"end":{"line":59,"column":15}},"60":{"start":{"line":61,"column":0},"end":{"line":61,"column":127}},"61":{"start":{"line":62,"column":0},"end":{"line":62,"column":16}},"62":{"start":{"line":63,"column":0},"end":{"line":63,"column":62}},"64":{"start":{"line":65,"column":0},"end":{"line":65,"column":17}},"65":{"start":{"line":66,"column":0},"end":{"line":66,"column":13}},"67":{"start":{"line":68,"column":0},"end":{"line":68,"column":28}},"68":{"start":{"line":69,"column":0},"end":{"line":69,"column":31}},"69":{"start":{"line":70,"column":0},"end":{"line":70,"column":55}},"70":{"start":{"line":71,"column":0},"end":{"line":71,"column":17}},"71":{"start":{"line":72,"column":0},"end":{"line":72,"column":34}},"72":{"start":{"line":73,"column":0},"end":{"line":73,"column":39}},"73":{"start":{"line":74,"column":0},"end":{"line":74,"column":18}},"74":{"start":{"line":75,"column":0},"end":{"line":75,"column":93}},"76":{"start":{"line":77,"column":0},"end":{"line":77,"column":21}},"77":{"start":{"line":78,"column":0},"end":{"line":78,"column":20}},"78":{"start":{"line":79,"column":0},"end":{"line":79,"column":11}},"79":{"start":{"line":80,"column":0},"end":{"line":80,"column":12}},"80":{"start":{"line":81,"column":0},"end":{"line":81,"column":14}},"82":{"start":{"line":83,"column":0},"end":{"line":83,"column":1}}},"s":{"0":1,"1":1,"2":1,"3":1,"4":1,"5":1,"6":1,"7":1,"8":1,"10":1,"11":10,"12":1,"13":1,"15":9,"16":9,"17":9,"18":9,"19":9,"20":9,"21":9,"22":9,"24":9,"25":9,"26":9,"27":3,"28":3,"29":3,"31":9,"33":9,"34":9,"35":9,"37":9,"38":9,"39":9,"40":9,"41":9,"42":9,"44":9,"45":9,"46":9,"48":9,"49":9,"50":9,"52":9,"53":9,"54":9,"56":9,"57":9,"58":9,"60":9,"61":9,"62":9,"64":9,"65":9,"67":9,"68":9,"69":2,"70":2,"71":2,"72":2,"73":2,"74":2,"76":2,"77":2,"78":9,"79":9,"80":9,"82":9},"branchMap":{"0":{"type":"branch","line":11,"loc":{"start":{"line":11,"column":7},"end":{"line":83,"column":1}},"locations":[{"start":{"line":11,"column":7},"end":{"line":83,"column":1}}]},"1":{"type":"branch","line":12,"loc":{"start":{"line":12,"column":33},"end":{"line":14,"column":3}},"locations":[{"start":{"line":12,"column":33},"end":{"line":14,"column":3}}]},"2":{"type":"branch","line":14,"loc":{"start":{"line":14,"column":2},"end":{"line":83,"column":1}},"locations":[{"start":{"line":14,"column":2},"end":{"line":83,"column":1}}]},"3":{"type":"branch","line":27,"loc":{"start":{"line":27,"column":18},"end":{"line":30,"column":10}},"locations":[{"start":{"line":27,"column":18},"end":{"line":30,"column":10}}]},"4":{"type":"branch","line":69,"loc":{"start":{"line":69,"column":20},"end":{"line":78,"column":20}},"locations":[{"start":{"line":69,"column":20},"end":{"line":78,"column":20}}]}},"b":{"0":[10],"1":[1],"2":[9],"3":[3],"4":[2]},"fnMap":{"0":{"name":"AdminPanel","decl":{"start":{"line":11,"column":7},"end":{"line":83,"column":1}},"loc":{"start":{"line":11,"column":7},"end":{"line":83,"column":1}},"line":11},"1":{"name":"onSubmit","decl":{"start":{"line":27,"column":18},"end":{"line":30,"column":10}},"loc":{"start":{"line":27,"column":18},"end":{"line":30,"column":10}},"line":27},"2":{"name":"onClick","decl":{"start":{"line":75,"column":54},"end":{"line":75,"column":79}},"loc":{"start":{"line":75,"column":54},"end":{"line":75,"column":79}},"line":75}},"f":{"0":10,"1":3,"2":0}}
,"/Users/dorazzz/itmo-master-degree/DevOps/frontend/src/components/AuthPanel.jsx": {"path":"/Users/dorazzz/itmo-master-degree/DevOps/frontend/src/components/AuthPanel.jsx","all":false,"statementMap":{"0":{"start":{"line":1,"column":0},"end":{"line":1,"column":27}},"1":{"start":{"line":2,"column":0},"end":{"line":2,"column":11}},"2":{"start":{"line":3,"column":0},"end":{"line":3,"column":11}},"3":{"start":{"line":4,"column":0},"end":{"line":4,"column":12}},"4":{"start":{"line":5,"column":0},"end":{"line":5,"column":14}},"5":{"start":{"line":6,"column":0},"end":{"line":6,"column":11}},"6":{"start":{"line":7,"column":0},"end":{"line":7,"column":11}},"7":{"start":{"line":8,"column":0},"end":{"line":8,"column":4}},"8":{"start":{"line":9,"column":0},"end":{"line":9,"column":10}},"9":{"start":{"line":10,"column":0},"end":{"line":10,"column":42}},"10":{"start":{"line":11,"column":0},"end":{"line":11,"column":36}},"11":{"start":{"line":12,"column":0},"end":{"line":12,"column":13}},"12":{"start":{"line":13,"column":0},"end":{"line":13,"column":43}},"13":{"start":{"line":14,"column":0},"end":{"line":14,"column":66}},"14":{"start":{"line":15,"column":0},"end":{"line":15,"column":14}},"15":{"start":{"line":16,"column":0},"end":{"line":16,"column":35}},"16":{"start":{"line":17,"column":0},"end":{"line":17,"column":104}},"18":{"start":{"line":19,"column":0},"end":{"line":19,"column":19}},"19":{"start":{"line":20,"column":0},"end":{"line":20,"column":110}},"21":{"start":{"line":22,"column":0},"end":{"line":22,"column":19}},"22":{"start":{"line":23,"column":0},"end":{"line":23,"column":14}},"23":{"start":{"line":24,"column":0},"end":{"line":24,"column":12}},"25":{"start":{"line":26,"column":0},"end":{"line":26,"column":50}},"26":{"start":{"line":27,"column":0},"end":{"line":27,"column":15}},"28":{"start":{"line":29,"column":0},"end":{"line":29,"column":90}},"29":{"start":{"line":30,"column":0},"end":{"line":30,"column":16}},"30":{"start":{"line":31,"column":0},"end":{"line":31,"column":37}},"31":{"start":{"line":32,"column":0},"end":{"line":32,"column":17}},"33":{"start":{"line":34,"column":0},"end":{"line":34,"column":99}},"34":{"start":{"line":35,"column":0},"end":{"line":35,"column":18}},"36":{"start":{"line":37,"column":0},"end":{"line":37,"column":15}},"38":{"start":{"line":39,"column":0},"end":{"line":39,"column":16}},"39":{"start":{"line":40,"column":0},"end":{"line":40,"column":27}},"40":{"start":{"line":41,"column":0},"end":{"line":41,"column":27}},"41":{"start":{"line":42,"column":0},"end":{"line":42,"column":37}},"42":{"start":{"line":43,"column":0},"end":{"line":43,"column":31}},"43":{"start":{"line":44,"column":0},"end":{"line":44,"column":63}},"44":{"start":{"line":45,"column":0},"end":{"line":45,"column":20}},"45":{"start":{"line":46,"column":0},"end":{"line":46,"column":12}},"46":{"start":{"line":47,"column":0},"end":{"line":47,"column":16}},"47":{"start":{"line":48,"column":0},"end":{"line":48,"column":70}},"48":{"start":{"line":49,"column":0},"end":{"line":49,"column":57}},"49":{"start":{"line":50,"column":0},"end":{"line":50,"column":62}},"50":{"start":{"line":51,"column":0},"end":{"line":51,"column":17}},"51":{"start":{"line":52,"column":0},"end":{"line":52,"column":13}},"52":{"start":{"line":53,"column":0},"end":{"line":53,"column":14}},"54":{"start":{"line":55,"column":0},"end":{"line":55,"column":1}}},"s":{"0":1,"1":20,"2":20,"3":20,"4":20,"5":20,"6":20,"7":20,"8":20,"9":20,"10":20,"11":20,"12":20,"13":20,"14":20,"15":20,"16":20,"18":20,"19":20,"21":20,"22":20,"23":20,"25":20,"26":20,"28":20,"29":20,"30":20,"31":5,"33":5,"34":5,"36":20,"38":20,"39":20,"40":20,"41":20,"42":20,"43":20,"44":20,"45":20,"46":20,"47":20,"48":20,"49":20,"50":20,"51":20,"52":20,"54":20},"branchMap":{"0":{"type":"branch","line":1,"loc":{"start":{"line":1,"column":7},"end":{"line":55,"column":1}},"locations":[{"start":{"line":1,"column":7},"end":{"line":55,"column":1}}]},"1":{"type":"branch","line":14,"loc":{"start":{"line":14,"column":28},"end":{"line":14,"column":47}},"locations":[{"start":{"line":14,"column":28},"end":{"line":14,"column":47}}]},"2":{"type":"branch","line":14,"loc":{"start":{"line":14,"column":38},"end":{"line":14,"column":61}},"locations":[{"start":{"line":14,"column":38},"end":{"line":14,"column":61}}]},"3":{"type":"branch","line":17,"loc":{"start":{"line":17,"column":42},"end":{"line":17,"column":63}},"locations":[{"start":{"line":17,"column":42},"end":{"line":17,"column":63}}]},"4":{"type":"branch","line":17,"loc":{"start":{"line":17,"column":52},"end":{"line":17,"column":67}},"locations":[{"start":{"line":17,"column":52},"end":{"line":17,"column":67}}]},"5":{"type":"branch","line":20,"loc":{"start":{"line":20,"column":42},"end":{"line":20,"column":66}},"locations":[{"start":{"line":20,"column":42},"end":{"line":20,"column":66}}]},"6":{"type":"branch","line":20,"loc":{"start":{"line":20,"column":55},"end":{"line":20,"column":70}},"locations":[{"start":{"line":20,"column":55},"end":{"line":20,"column":70}}]},"7":{"type":"branch","line":31,"loc":{"start":{"line":31,"column":22},"end":{"line":35,"column":18}},"locations":[{"start":{"line":31,"column":22},"end":{"line":35,"column":18}}]},"8":{"type":"branch","line":44,"loc":{"start":{"line":44,"column":36},"end":{"line":44,"column":53}},"locations":[{"start":{"line":44,"column":36},"end":{"line":44,"column":53}}]},"9":{"type":"branch","line":44,"loc":{"start":{"line":44,"column":49},"end":{"line":44,"column":63}},"locations":[{"start":{"line":44,"column":49},"end":{"line":44,"column":63}}]},"10":{"type":"branch","line":48,"loc":{"start":{"line":48,"column":9},"end":{"line":48,"column":65}},"locations":[{"start":{"line":48,"column":9},"end":{"line":48,"column":65}}]},"11":{"type":"branch","line":48,"loc":{"start":{"line":48,"column":58},"end":{"line":48,"column":70}},"locations":[{"start":{"line":48,"column":58},"end":{"line":48,"column":70}}]},"12":{"type":"branch","line":50,"loc":{"start":{"line":50,"column":24},"end":{"line":50,"column":44}},"locations":[{"start":{"line":50,"column":24},"end":{"line":50,"column":44}}]},"13":{"type":"branch","line":50,"loc":{"start":{"line":50,"column":34},"end":{"line":50,"column":62}},"locations":[{"start":{"line":50,"column":34},"end":{"line":50,"column":62}}]},"14":{"type":"branch","line":20,"loc":{"start":{"line":20,"column":79},"end":{"line":20,"column":110}},"locations":[{"start":{"line":20,"column":79},"end":{"line":20,"column":110}}]}},"b":{"0":[20],"1":[15],"2":[5],"3":[15],"4":[5],"5":[5],"6":[15],"7":[5],"8":[5],"9":[15],"10":[2],"11":[18],"12":[15],"13":[5],"14":[1]},"fnMap":{"0":{"name":"AuthPanel","decl":{"start":{"line":1,"column":7},"end":{"line":55,"column":1}},"loc":{"start":{"line":1,"column":7},"end":{"line":55,"column":1}},"line":1},"1":{"name":"onClick","decl":{"start":{"line":17,"column":76},"end":{"line":17,"column":104}},"loc":{"start":{"line":17,"column":76},"end":{"line":17,"column":104}},"line":17},"2":{"name":"onClick","decl":{"start":{"line":20,"column":79},"end":{"line":20,"column":110}},"loc":{"start":{"line":20,"column":79},"end":{"line":20,"column":110}},"line":20}},"f":{"0":20,"1":0,"2":1}}
,"/Users/dorazzz/itmo-master-degree/DevOps/frontend/src/components/ScenarioForm.jsx": {"path":"/Users/dorazzz/itmo-master-degree/DevOps/frontend/src/components/ScenarioForm.jsx","all":false,"statementMap":{"0":{"start":{"line":1,"column":0},"end":{"line":1,"column":21}},"1":{"start":{"line":2,"column":0},"end":{"line":2,"column":26}},"2":{"start":{"line":3,"column":0},"end":{"line":3,"column":20}},"3":{"start":{"line":4,"column":0},"end":{"line":4,"column":29}},"4":{"start":{"line":5,"column":0},"end":{"line":5,"column":27}},"5":{"start":{"line":6,"column":0},"end":{"line":6,"column":23}},"6":{"start":{"line":7,"column":0},"end":{"line":7,"column":27}},"7":{"start":{"line":8,"column":0},"end":{"line":8,"column":17}},"8":{"start":{"line":9,"column":0},"end":{"line":9,"column":21}},"9":{"start":{"line":10,"column":0},"end":{"line":10,"column":23}},"10":{"start":{"line":11,"column":0},"end":{"line":11,"column":12}},"11":{"start":{"line":12,"column":0},"end":{"line":12,"column":2}},"13":{"start":{"line":14,"column":0},"end":{"line":14,"column":42}},"14":{"start":{"line":15,"column":0},"end":{"line":15,"column":28}},"15":{"start":{"line":16,"column":0},"end":{"line":16,"column":1}},"17":{"start":{"line":18,"column":0},"end":{"line":18,"column":30}},"18":{"start":{"line":19,"column":0},"end":{"line":19,"column":7}},"19":{"start":{"line":20,"column":0},"end":{"line":20,"column":9}},"20":{"start":{"line":21,"column":0},"end":{"line":21,"column":12}},"21":{"start":{"line":22,"column":0},"end":{"line":22,"column":19}},"22":{"start":{"line":23,"column":0},"end":{"line":23,"column":16}},"23":{"start":{"line":24,"column":0},"end":{"line":24,"column":10}},"24":{"start":{"line":25,"column":0},"end":{"line":25,"column":8}},"25":{"start":{"line":26,"column":0},"end":{"line":26,"column":11}},"26":{"start":{"line":27,"column":0},"end":{"line":27,"column":11}},"27":{"start":{"line":28,"column":0},"end":{"line":28,"column":12}},"28":{"start":{"line":29,"column":0},"end":{"line":29,"column":4}},"29":{"start":{"line":30,"column":0},"end":{"line":30,"column":93}},"31":{"start":{"line":32,"column":0},"end":{"line":32,"column":10}},"32":{"start":{"line":33,"column":0},"end":{"line":33,"column":31}},"33":{"start":{"line":34,"column":0},"end":{"line":34,"column":36}},"34":{"start":{"line":35,"column":0},"end":{"line":35,"column":13}},"35":{"start":{"line":36,"column":0},"end":{"line":36,"column":45}},"36":{"start":{"line":37,"column":0},"end":{"line":37,"column":35}},"37":{"start":{"line":38,"column":0},"end":{"line":38,"column":14}},"38":{"start":{"line":39,"column":0},"end":{"line":39,"column":75}},"40":{"start":{"line":41,"column":0},"end":{"line":41,"column":17}},"41":{"start":{"line":42,"column":0},"end":{"line":42,"column":12}},"43":{"start":{"line":44,"column":0},"end":{"line":44,"column":54}},"44":{"start":{"line":45,"column":0},"end":{"line":45,"column":32}},"46":{"start":{"line":47,"column":0},"end":{"line":47,"column":80}},"47":{"start":{"line":48,"column":0},"end":{"line":48,"column":16}},"48":{"start":{"line":49,"column":0},"end":{"line":49,"column":39}},"49":{"start":{"line":50,"column":0},"end":{"line":50,"column":36}},"50":{"start":{"line":51,"column":0},"end":{"line":51,"column":19}},"51":{"start":{"line":52,"column":0},"end":{"line":52,"column":30}},"52":{"start":{"line":53,"column":0},"end":{"line":53,"column":75}},"53":{"start":{"line":54,"column":0},"end":{"line":54,"column":112}},"54":{"start":{"line":55,"column":0},"end":{"line":55,"column":27}},"56":{"start":{"line":57,"column":0},"end":{"line":57,"column":26}},"57":{"start":{"line":58,"column":0},"end":{"line":58,"column":21}},"58":{"start":{"line":59,"column":0},"end":{"line":59,"column":13}},"59":{"start":{"line":60,"column":0},"end":{"line":60,"column":14}},"60":{"start":{"line":61,"column":0},"end":{"line":61,"column":15}},"62":{"start":{"line":63,"column":0},"end":{"line":63,"column":95}},"63":{"start":{"line":64,"column":0},"end":{"line":64,"column":53}},"64":{"start":{"line":65,"column":0},"end":{"line":65,"column":44}},"65":{"start":{"line":66,"column":0},"end":{"line":66,"column":52}},"66":{"start":{"line":67,"column":0},"end":{"line":67,"column":27}},"67":{"start":{"line":68,"column":0},"end":{"line":68,"column":23}},"68":{"start":{"line":69,"column":0},"end":{"line":69,"column":15}},"69":{"start":{"line":70,"column":0},"end":{"line":70,"column":19}},"70":{"start":{"line":71,"column":0},"end":{"line":71,"column":16}},"71":{"start":{"line":72,"column":0},"end":{"line":72,"column":15}},"73":{"start":{"line":74,"column":0},"end":{"line":74,"column":90}},"74":{"start":{"line":75,"column":0},"end":{"line":75,"column":45}},"75":{"start":{"line":76,"column":0},"end":{"line":76,"column":58}},"76":{"start":{"line":77,"column":0},"end":{"line":77,"column":28}},"77":{"start":{"line":78,"column":0},"end":{"line":78,"column":23}},"78":{"start":{"line":79,"column":0},"end":{"line":79,"column":15}},"79":{"start":{"line":80,"column":0},"end":{"line":80,"column":19}},"80":{"start":{"line":81,"column":0},"end":{"line":81,"column":16}},"81":{"start":{"line":82,"column":0},"end":{"line":82,"column":15}},"83":{"start":{"line":84,"column":0},"end":{"line":84,"column":86}},"84":{"start":{"line":85,"column":0},"end":{"line":85,"column":42}},"85":{"start":{"line":86,"column":0},"end":{"line":86,"column":58}},"86":{"start":{"line":87,"column":0},"end":{"line":87,"column":28}},"87":{"start":{"line":88,"column":0},"end":{"line":88,"column":23}},"88":{"start":{"line":89,"column":0},"end":{"line":89,"column":15}},"89":{"start":{"line":90,"column":0},"end":{"line":90,"column":19}},"90":{"start":{"line":91,"column":0},"end":{"line":91,"column":16}},"91":{"start":{"line":92,"column":0},"end":{"line":92,"column":15}},"93":{"start":{"line":94,"column":0},"end":{"line":94,"column":115}},"94":{"start":{"line":95,"column":0},"end":{"line":95,"column":16}},"95":{"start":{"line":96,"column":0},"end":{"line":96,"column":15}},"97":{"start":{"line":98,"column":0},"end":{"line":98,"column":16}},"98":{"start":{"line":99,"column":0},"end":{"line":99,"column":39}},"99":{"start":{"line":100,"column":0},"end":{"line":100,"column":25}},"100":{"start":{"line":101,"column":0},"end":{"line":101,"column":19}},"101":{"start":{"line":102,"column":0},"end":{"line":102,"column":45}},"102":{"start":{"line":103,"column":0},"end":{"line":103,"column":31}},"103":{"start":{"line":104,"column":0},"end":{"line":104,"column":12}},"104":{"start":{"line":105,"column":0},"end":{"line":105,"column":16}},"105":{"start":{"line":106,"column":0},"end":{"line":106,"column":15}},"107":{"start":{"line":108,"column":0},"end":{"line":108,"column":103}},"108":{"start":{"line":109,"column":0},"end":{"line":109,"column":16}},"109":{"start":{"line":110,"column":0},"end":{"line":110,"column":42}},"110":{"start":{"line":111,"column":0},"end":{"line":111,"column":101}},"112":{"start":{"line":113,"column":0},"end":{"line":113,"column":16}},"113":{"start":{"line":114,"column":0},"end":{"line":114,"column":32}},"115":{"start":{"line":116,"column":0},"end":{"line":116,"column":83}},"116":{"start":{"line":117,"column":0},"end":{"line":117,"column":16}},"117":{"start":{"line":118,"column":0},"end":{"line":118,"column":62}},"119":{"start":{"line":120,"column":0},"end":{"line":120,"column":17}},"120":{"start":{"line":121,"column":0},"end":{"line":121,"column":73}},"121":{"start":{"line":122,"column":0},"end":{"line":122,"column":13}},"123":{"start":{"line":124,"column":0},"end":{"line":124,"column":18}},"124":{"start":{"line":125,"column":0},"end":{"line":125,"column":64}},"125":{"start":{"line":126,"column":0},"end":{"line":126,"column":46}},"126":{"start":{"line":127,"column":0},"end":{"line":127,"column":46}},"127":{"start":{"line":128,"column":0},"end":{"line":128,"column":34}},"128":{"start":{"line":129,"column":0},"end":{"line":129,"column":42}},"129":{"start":{"line":130,"column":0},"end":{"line":130,"column":14}},"130":{"start":{"line":131,"column":0},"end":{"line":131,"column":15}},"131":{"start":{"line":132,"column":0},"end":{"line":132,"column":14}},"133":{"start":{"line":134,"column":0},"end":{"line":134,"column":1}}},"s":{"0":1,"1":1,"2":1,"3":1,"4":1,"5":1,"6":1,"7":1,"8":1,"9":1,"10":1,"11":1,"13":1,"14":61,"15":61,"17":1,"18":35,"19":35,"20":35,"21":35,"22":35,"23":35,"24":35,"25":35,"26":35,"27":35,"28":35,"29":35,"31":35,"32":35,"33":35,"34":35,"35":35,"36":35,"37":35,"38":35,"40":35,"41":35,"43":35,"44":35,"46":35,"47":35,"48":35,"49":35,"50":42,"51":42,"52":42,"53":42,"54":42,"56":42,"57":42,"58":35,"59":35,"60":35,"62":35,"63":35,"64":35,"65":9,"66":9,"67":9,"68":35,"69":35,"70":35,"71":35,"73":35,"74":35,"75":20,"76":20,"77":20,"78":35,"79":35,"80":35,"81":35,"83":35,"84":35,"85":20,"86":20,"87":20,"88":35,"89":35,"90":35,"91":35,"93":35,"94":35,"95":35,"97":35,"98":35,"99":35,"100":35,"101":35,"102":35,"103":35,"104":35,"105":35,"107":35,"108":35,"109":35,"110":35,"112":35,"113":35,"115":35,"116":35,"117":35,"119":35,"120":35,"121":35,"123":35,"124":2,"125":2,"126":2,"127":2,"128":2,"129":2,"130":33,"131":35,"133":35},"branchMap":{"0":{"type":"branch","line":14,"loc":{"start":{"line":14,"column":7},"end":{"line":16,"column":1}},"locations":[{"start":{"line":14,"column":7},"end":{"line":16,"column":1}}]},"1":{"type":"branch","line":18,"loc":{"start":{"line":18,"column":7},"end":{"line":134,"column":1}},"locations":[{"start":{"line":18,"column":7},"end":{"line":134,"column":1}}]},"2":{"type":"branch","line":121,"loc":{"start":{"line":121,"column":9},"end":{"line":121,"column":68}},"locations":[{"start":{"line":121,"column":9},"end":{"line":121,"column":68}}]},"3":{"type":"branch","line":121,"loc":{"start":{"line":121,"column":59},"end":{"line":121,"column":73}},"locations":[{"start":{"line":121,"column":59},"end":{"line":121,"column":73}}]},"4":{"type":"branch","line":124,"loc":{"start":{"line":124,"column":7},"end":{"line":130,"column":14}},"locations":[{"start":{"line":124,"column":7},"end":{"line":130,"column":14}}]},"5":{"type":"branch","line":130,"loc":{"start":{"line":130,"column":8},"end":{"line":131,"column":15}},"locations":[{"start":{"line":130,"column":8},"end":{"line":131,"column":15}}]},"6":{"type":"branch","line":30,"loc":{"start":{"line":30,"column":40},"end":{"line":30,"column":91}},"locations":[{"start":{"line":30,"column":40},"end":{"line":30,"column":91}}]},"7":{"type":"branch","line":50,"loc":{"start":{"line":50,"column":25},"end":{"line":58,"column":21}},"locations":[{"start":{"line":50,"column":25},"end":{"line":58,"column":21}}]},"8":{"type":"branch","line":53,"loc":{"start":{"line":53,"column":53},"end":{"line":53,"column":72}},"locations":[{"start":{"line":53,"column":53},"end":{"line":53,"column":72}}]},"9":{"type":"branch","line":53,"loc":{"start":{"line":53,"column":61},"end":{"line":53,"column":75}},"locations":[{"start":{"line":53,"column":61},"end":{"line":53,"column":75}}]},"10":{"type":"branch","line":54,"loc":{"start":{"line":54,"column":23},"end":{"line":54,"column":112}},"locations":[{"start":{"line":54,"column":23},"end":{"line":54,"column":112}}]},"11":{"type":"branch","line":65,"loc":{"start":{"line":65,"column":33},"end":{"line":68,"column":23}},"locations":[{"start":{"line":65,"column":33},"end":{"line":68,"column":23}}]},"12":{"type":"branch","line":75,"loc":{"start":{"line":75,"column":34},"end":{"line":78,"column":23}},"locations":[{"start":{"line":75,"column":34},"end":{"line":78,"column":23}}]},"13":{"type":"branch","line":85,"loc":{"start":{"line":85,"column":31},"end":{"line":88,"column":23}},"locations":[{"start":{"line":85,"column":31},"end":{"line":88,"column":23}}]}},"b":{"0":[61],"1":[35],"2":[5],"3":[30],"4":[2],"5":[33],"6":[12],"7":[42],"8":[21],"9":[21],"10":[2],"11":[9],"12":[20],"13":[20]},"fnMap":{"0":{"name":"getInitialScenarioForm","decl":{"start":{"line":14,"column":7},"end":{"line":16,"column":1}},"loc":{"start":{"line":14,"column":7},"end":{"line":16,"column":1}},"line":14},"1":{"name":"ScenarioForm","decl":{"start":{"line":18,"column":7},"end":{"line":134,"column":1}},"loc":{"start":{"line":18,"column":7},"end":{"line":134,"column":1}},"line":18},"2":{"name":"onClick","decl":{"start":{"line":54,"column":23},"end":{"line":54,"column":112}},"loc":{"start":{"line":54,"column":23},"end":{"line":54,"column":112}},"line":54}},"f":{"0":61,"1":35,"2":2}}
,"/Users/dorazzz/itmo-master-degree/DevOps/frontend/src/components/ScenarioList.jsx": {"path":"/Users/dorazzz/itmo-master-degree/DevOps/frontend/src/components/ScenarioList.jsx","all":false,"statementMap":{"0":{"start":{"line":1,"column":0},"end":{"line":1,"column":55}},"1":{"start":{"line":2,"column":0},"end":{"line":2,"column":22}},"2":{"start":{"line":3,"column":0},"end":{"line":3,"column":32}},"3":{"start":{"line":4,"column":0},"end":{"line":4,"column":42}},"4":{"start":{"line":5,"column":0},"end":{"line":5,"column":34}},"5":{"start":{"line":6,"column":0},"end":{"line":6,"column":42}},"6":{"start":{"line":7,"column":0},"end":{"line":7,"column":4}},"7":{"start":{"line":8,"column":0},"end":{"line":8,"column":26}},"8":{"start":{"line":9,"column":0},"end":{"line":9,"column":24}},"9":{"start":{"line":10,"column":0},"end":{"line":10,"column":35}},"10":{"start":{"line":11,"column":0},"end":{"line":11,"column":4}},"11":{"start":{"line":12,"column":0},"end":{"line":12,"column":24}},"12":{"start":{"line":13,"column":0},"end":{"line":13,"column":23}},"13":{"start":{"line":14,"column":0},"end":{"line":14,"column":34}},"14":{"start":{"line":15,"column":0},"end":{"line":15,"column":26}},"15":{"start":{"line":16,"column":0},"end":{"line":16,"column":37}},"16":{"start":{"line":17,"column":0},"end":{"line":17,"column":4}},"17":{"start":{"line":18,"column":0},"end":{"line":18,"column":22}},"18":{"start":{"line":19,"column":0},"end":{"line":19,"column":19}},"19":{"start":{"line":20,"column":0},"end":{"line":20,"column":16}},"20":{"start":{"line":21,"column":0},"end":{"line":21,"column":19}},"21":{"start":{"line":22,"column":0},"end":{"line":22,"column":16}},"22":{"start":{"line":23,"column":0},"end":{"line":23,"column":18}},"23":{"start":{"line":24,"column":0},"end":{"line":24,"column":21}},"24":{"start":{"line":25,"column":0},"end":{"line":25,"column":16}},"25":{"start":{"line":26,"column":0},"end":{"line":26,"column":18}},"26":{"start":{"line":27,"column":0},"end":{"line":27,"column":18}},"27":{"start":{"line":28,"column":0},"end":{"line":28,"column":4}},"29":{"start":{"line":30,"column":0},"end":{"line":30,"column":34}},"30":{"start":{"line":31,"column":0},"end":{"line":31,"column":19}},"31":{"start":{"line":32,"column":0},"end":{"line":32,"column":70}},"32":{"start":{"line":33,"column":0},"end":{"line":33,"column":63}},"33":{"start":{"line":34,"column":0},"end":{"line":34,"column":81}},"34":{"start":{"line":35,"column":0},"end":{"line":35,"column":70}},"35":{"start":{"line":36,"column":0},"end":{"line":36,"column":46}},"36":{"start":{"line":37,"column":0},"end":{"line":37,"column":55}},"37":{"start":{"line":38,"column":0},"end":{"line":38,"column":36}},"38":{"start":{"line":39,"column":0},"end":{"line":39,"column":53}},"39":{"start":{"line":40,"column":0},"end":{"line":40,"column":22}},"40":{"start":{"line":41,"column":0},"end":{"line":41,"column":29}},"41":{"start":{"line":42,"column":0},"end":{"line":42,"column":4}},"43":{"start":{"line":44,"column":0},"end":{"line":44,"column":10}},"44":{"start":{"line":45,"column":0},"end":{"line":45,"column":31}},"45":{"start":{"line":46,"column":0},"end":{"line":46,"column":36}},"46":{"start":{"line":47,"column":0},"end":{"line":47,"column":13}},"47":{"start":{"line":48,"column":0},"end":{"line":48,"column":44}},"48":{"start":{"line":49,"column":0},"end":{"line":49,"column":39}},"49":{"start":{"line":50,"column":0},"end":{"line":50,"column":14}},"50":{"start":{"line":51,"column":0},"end":{"line":51,"column":12}},"51":{"start":{"line":52,"column":0},"end":{"line":52,"column":28}},"52":{"start":{"line":53,"column":0},"end":{"line":53,"column":98}},"53":{"start":{"line":54,"column":0},"end":{"line":54,"column":34}},"54":{"start":{"line":55,"column":0},"end":{"line":55,"column":55}},"55":{"start":{"line":56,"column":0},"end":{"line":56,"column":17}},"56":{"start":{"line":57,"column":0},"end":{"line":57,"column":35}},"57":{"start":{"line":58,"column":0},"end":{"line":58,"column":41}},"58":{"start":{"line":59,"column":0},"end":{"line":59,"column":61}},"59":{"start":{"line":60,"column":0},"end":{"line":60,"column":18}},"60":{"start":{"line":61,"column":0},"end":{"line":61,"column":44}},"61":{"start":{"line":62,"column":0},"end":{"line":62,"column":18}},"62":{"start":{"line":63,"column":0},"end":{"line":63,"column":38}},"63":{"start":{"line":64,"column":0},"end":{"line":64,"column":49}},"64":{"start":{"line":65,"column":0},"end":{"line":65,"column":61}},"65":{"start":{"line":66,"column":0},"end":{"line":66,"column":30}},"66":{"start":{"line":67,"column":0},"end":{"line":67,"column":16}},"67":{"start":{"line":68,"column":0},"end":{"line":68,"column":21}},"68":{"start":{"line":69,"column":0},"end":{"line":69,"column":39}},"69":{"start":{"line":70,"column":0},"end":{"line":70,"column":89}},"70":{"start":{"line":71,"column":0},"end":{"line":71,"column":48}},"71":{"start":{"line":72,"column":0},"end":{"line":72,"column":18}},"72":{"start":{"line":73,"column":0},"end":{"line":73,"column":93}},"74":{"start":{"line":75,"column":0},"end":{"line":75,"column":21}},"75":{"start":{"line":76,"column":0},"end":{"line":76,"column":20}},"76":{"start":{"line":77,"column":0},"end":{"line":77,"column":11}},"77":{"start":{"line":78,"column":0},"end":{"line":78,"column":12}},"78":{"start":{"line":79,"column":0},"end":{"line":79,"column":14}},"80":{"start":{"line":81,"column":0},"end":{"line":81,"column":1}}},"s":{"0":1,"1":35,"2":35,"3":35,"4":35,"5":35,"6":35,"7":35,"8":35,"9":35,"10":35,"11":35,"12":35,"13":35,"14":35,"15":35,"16":35,"17":35,"18":35,"19":35,"20":35,"21":35,"22":35,"23":35,"24":35,"25":35,"26":35,"27":35,"29":35,"30":6,"31":6,"32":6,"33":6,"34":6,"35":6,"36":6,"37":6,"38":6,"39":6,"40":6,"41":6,"43":35,"44":35,"45":35,"46":35,"47":35,"48":35,"49":35,"50":35,"51":35,"52":35,"53":35,"54":6,"55":6,"56":6,"57":6,"58":6,"59":6,"60":6,"61":5,"62":5,"63":5,"64":5,"65":5,"66":5,"67":1,"68":6,"69":6,"70":6,"71":6,"72":6,"74":6,"75":6,"76":35,"77":35,"78":35,"80":35},"branchMap":{"0":{"type":"branch","line":1,"loc":{"start":{"line":1,"column":7},"end":{"line":81,"column":1}},"locations":[{"start":{"line":1,"column":7},"end":{"line":81,"column":1}}]},"1":{"type":"branch","line":53,"loc":{"start":{"line":53,"column":30},"end":{"line":53,"column":93}},"locations":[{"start":{"line":53,"column":30},"end":{"line":53,"column":93}}]},"2":{"type":"branch","line":53,"loc":{"start":{"line":53,"column":86},"end":{"line":53,"column":98}},"locations":[{"start":{"line":53,"column":86},"end":{"line":53,"column":98}}]},"3":{"type":"branch","line":30,"loc":{"start":{"line":30,"column":23},"end":{"line":42,"column":4}},"locations":[{"start":{"line":30,"column":23},"end":{"line":42,"column":4}}]},"4":{"type":"branch","line":32,"loc":{"start":{"line":32,"column":60},"end":{"line":32,"column":70}},"locations":[{"start":{"line":32,"column":60},"end":{"line":32,"column":70}}]},"5":{"type":"branch","line":33,"loc":{"start":{"line":33,"column":39},"end":{"line":33,"column":63}},"locations":[{"start":{"line":33,"column":39},"end":{"line":33,"column":63}}]},"6":{"type":"branch","line":34,"loc":{"start":{"line":34,"column":53},"end":{"line":34,"column":78}},"locations":[{"start":{"line":34,"column":53},"end":{"line":34,"column":78}}]},"7":{"type":"branch","line":35,"loc":{"start":{"line":35,"column":44},"end":{"line":35,"column":67}},"locations":[{"start":{"line":35,"column":44},"end":{"line":35,"column":67}}]},"8":{"type":"branch","line":39,"loc":{"start":{"line":39,"column":24},"end":{"line":39,"column":45}},"locations":[{"start":{"line":39,"column":24},"end":{"line":39,"column":45}}]},"9":{"type":"branch","line":54,"loc":{"start":{"line":54,"column":23},"end":{"line":76,"column":20}},"locations":[{"start":{"line":54,"column":23},"end":{"line":76,"column":20}}]},"10":{"type":"branch","line":61,"loc":{"start":{"line":61,"column":39},"end":{"line":67,"column":16}},"locations":[{"start":{"line":61,"column":39},"end":{"line":67,"column":16}}]},"11":{"type":"branch","line":67,"loc":{"start":{"line":67,"column":14},"end":{"line":68,"column":21}},"locations":[{"start":{"line":67,"column":14},"end":{"line":68,"column":21}}]},"12":{"type":"branch","line":73,"loc":{"start":{"line":73,"column":54},"end":{"line":73,"column":79}},"locations":[{"start":{"line":73,"column":54},"end":{"line":73,"column":79}}]}},"b":{"0":[35],"1":[29],"2":[6],"3":[6],"4":[0],"5":[0],"6":[0],"7":[0],"8":[0],"9":[6],"10":[5],"11":[1],"12":[2]},"fnMap":{"0":{"name":"ScenarioList","decl":{"start":{"line":1,"column":7},"end":{"line":81,"column":1}},"loc":{"start":{"line":1,"column":7},"end":{"line":81,"column":1}},"line":1},"1":{"name":"formatParams","decl":{"start":{"line":30,"column":23},"end":{"line":42,"column":4}},"loc":{"start":{"line":30,"column":23},"end":{"line":42,"column":4}},"line":30},"2":{"name":"onClick","decl":{"start":{"line":73,"column":54},"end":{"line":73,"column":79}},"loc":{"start":{"line":73,"column":54},"end":{"line":73,"column":79}},"line":73}},"f":{"0":35,"1":6,"2":2}}
,"/Users/dorazzz/itmo-master-degree/DevOps/frontend/src/services/api.js": {"path":"/Users/dorazzz/itmo-master-degree/DevOps/frontend/src/services/api.js","all":false,"statementMap":{"0":{"start":{"line":1,"column":0},"end":{"line":1,"column":79}},"2":{"start":{"line":3,"column":0},"end":{"line":3,"column":32}},"3":{"start":{"line":4,"column":0},"end":{"line":4,"column":14}},"4":{"start":{"line":5,"column":0},"end":{"line":5,"column":28}},"5":{"start":{"line":6,"column":0},"end":{"line":6,"column":3}},"6":{"start":{"line":7,"column":0},"end":{"line":7,"column":37}},"7":{"start":{"line":8,"column":0},"end":{"line":8,"column":35}},"8":{"start":{"line":9,"column":0},"end":{"line":9,"column":18}},"9":{"start":{"line":10,"column":0},"end":{"line":10,"column":3}},"10":{"start":{"line":11,"column":0},"end":{"line":11,"column":30}},"11":{"start":{"line":12,"column":0},"end":{"line":12,"column":17}},"12":{"start":{"line":13,"column":0},"end":{"line":13,"column":22}},"13":{"start":{"line":14,"column":0},"end":{"line":14,"column":39}},"14":{"start":{"line":15,"column":0},"end":{"line":15,"column":22}},"15":{"start":{"line":16,"column":0},"end":{"line":16,"column":9}},"16":{"start":{"line":17,"column":0},"end":{"line":17,"column":47}},"17":{"start":{"line":18,"column":0},"end":{"line":18,"column":25}},"18":{"start":{"line":19,"column":0},"end":{"line":19,"column":65}},"19":{"start":{"line":20,"column":0},"end":{"line":20,"column":58}},"20":{"start":{"line":21,"column":0},"end":{"line":21,"column":45}},"21":{"start":{"line":22,"column":0},"end":{"line":22,"column":13}},"22":{"start":{"line":23,"column":0},"end":{"line":23,"column":28}},"23":{"start":{"line":24,"column":0},"end":{"line":24,"column":11}},"24":{"start":{"line":25,"column":0},"end":{"line":25,"column":38}},"25":{"start":{"line":26,"column":0},"end":{"line":26,"column":9}},"26":{"start":{"line":27,"column":0},"end":{"line":27,"column":28}},"27":{"start":{"line":28,"column":0},"end":{"line":28,"column":8}},"28":{"start":{"line":29,"column":0},"end":{"line":29,"column":18}},"29":{"start":{"line":30,"column":0},"end":{"line":30,"column":3}},"30":{"start":{"line":31,"column":0},"end":{"line":31,"column":45}},"31":{"start":{"line":32,"column":0},"end":{"line":32,"column":21}},"32":{"start":{"line":33,"column":0},"end":{"line":33,"column":24}},"33":{"start":{"line":34,"column":0},"end":{"line":34,"column":5}},"34":{"start":{"line":35,"column":0},"end":{"line":35,"column":34}},"35":{"start":{"line":36,"column":0},"end":{"line":36,"column":3}},"36":{"start":{"line":37,"column":0},"end":{"line":37,"column":26}},"37":{"start":{"line":38,"column":0},"end":{"line":38,"column":1}},"39":{"start":{"line":40,"column":0},"end":{"line":40,"column":44}},"40":{"start":{"line":41,"column":0},"end":{"line":41,"column":53}},"41":{"start":{"line":42,"column":0},"end":{"line":42,"column":14}},"42":{"start":{"line":43,"column":0},"end":{"line":43,"column":41}},"43":{"start":{"line":44,"column":0},"end":{"line":44,"column":77}},"44":{"start":{"line":45,"column":0},"end":{"line":45,"column":25}},"45":{"start":{"line":46,"column":0},"end":{"line":46,"column":6}},"46":{"start":{"line":47,"column":0},"end":{"line":47,"column":36}},"47":{"start":{"line":48,"column":0},"end":{"line":48,"column":66}},"48":{"start":{"line":49,"column":0},"end":{"line":49,"column":5}},"50":{"start":{"line":51,"column":0},"end":{"line":51,"column":32}},"51":{"start":{"line":52,"column":0},"end":{"line":52,"column":16}},"52":{"start":{"line":53,"column":0},"end":{"line":53,"column":3}},"54":{"start":{"line":55,"column":0},"end":{"line":55,"column":37}},"55":{"start":{"line":56,"column":0},"end":{"line":56,"column":21}},"56":{"start":{"line":57,"column":0},"end":{"line":57,"column":43}},"57":{"start":{"line":58,"column":0},"end":{"line":58,"column":3}},"58":{"start":{"line":59,"column":0},"end":{"line":59,"column":14}},"59":{"start":{"line":60,"column":0},"end":{"line":60,"column":1}},"61":{"start":{"line":62,"column":0},"end":{"line":62,"column":20}},"62":{"start":{"line":63,"column":0},"end":{"line":63,"column":74}},"63":{"start":{"line":64,"column":0},"end":{"line":64,"column":68}},"64":{"start":{"line":65,"column":0},"end":{"line":65,"column":48}},"65":{"start":{"line":66,"column":0},"end":{"line":66,"column":54}},"66":{"start":{"line":67,"column":0},"end":{"line":67,"column":69}},"67":{"start":{"line":68,"column":0},"end":{"line":68,"column":63}},"68":{"start":{"line":69,"column":0},"end":{"line":69,"column":57}},"69":{"start":{"line":70,"column":0},"end":{"line":70,"column":61}},"70":{"start":{"line":71,"column":0},"end":{"line":71,"column":90}},"71":{"start":{"line":72,"column":0},"end":{"line":72,"column":103}},"72":{"start":{"line":73,"column":0},"end":{"line":73,"column":90}},"73":{"start":{"line":74,"column":0},"end":{"line":74,"column":99}},"74":{"start":{"line":75,"column":0},"end":{"line":75,"column":55}},"75":{"start":{"line":76,"column":0},"end":{"line":76,"column":90}},"76":{"start":{"line":77,"column":0},"end":{"line":77,"column":99}},"77":{"start":{"line":78,"column":0},"end":{"line":78,"column":90}},"78":{"start":{"line":79,"column":0},"end":{"line":79,"column":2}}},"s":{"0":1,"2":7,"3":7,"4":1,"5":1,"6":7,"7":7,"8":1,"9":1,"10":7,"11":3,"12":3,"13":4,"14":1,"15":1,"16":4,"17":3,"18":3,"19":2,"20":2,"21":2,"22":1,"23":1,"24":0,"25":0,"26":0,"27":3,"28":3,"29":3,"30":7,"31":2,"32":1,"33":1,"34":1,"35":1,"36":0,"37":0,"39":26,"40":26,"41":26,"42":26,"43":26,"44":26,"45":26,"46":26,"47":26,"48":26,"50":26,"51":1,"52":1,"54":25,"55":26,"56":7,"57":7,"58":18,"59":18,"61":1,"62":1,"63":1,"64":1,"65":1,"66":1,"67":1,"68":1,"69":1,"70":1,"71":1,"72":1,"73":1,"74":1,"75":1,"76":1,"77":1,"78":1},"branchMap":{"0":{"type":"branch","line":3,"loc":{"start":{"line":3,"column":0},"end":{"line":38,"column":1}},"locations":[{"start":{"line":3,"column":0},"end":{"line":38,"column":1}}]},"1":{"type":"branch","line":4,"loc":{"start":{"line":4,"column":13},"end":{"line":6,"column":3}},"locations":[{"start":{"line":4,"column":13},"end":{"line":6,"column":3}}]},"2":{"type":"branch","line":6,"loc":{"start":{"line":6,"column":2},"end":{"line":7,"column":29}},"locations":[{"start":{"line":6,"column":2},"end":{"line":7,"column":29}}]},"3":{"type":"branch","line":7,"loc":{"start":{"line":7,"column":29},"end":{"line":7,"column":36}},"locations":[{"start":{"line":7,"column":29},"end":{"line":7,"column":36}}]},"4":{"type":"branch","line":8,"loc":{"start":{"line":8,"column":34},"end":{"line":10,"column":3}},"locations":[{"start":{"line":8,"column":34},"end":{"line":10,"column":3}}]},"5":{"type":"branch","line":10,"loc":{"start":{"line":10,"column":2},"end":{"line":11,"column":29}},"locations":[{"start":{"line":10,"column":2},"end":{"line":11,"column":29}}]},"6":{"type":"branch","line":11,"loc":{"start":{"line":11,"column":29},"end":{"line":30,"column":3}},"locations":[{"start":{"line":11,"column":29},"end":{"line":30,"column":3}}]},"7":{"type":"branch","line":30,"loc":{"start":{"line":30,"column":2},"end":{"line":31,"column":42}},"locations":[{"start":{"line":30,"column":2},"end":{"line":31,"column":42}}]},"8":{"type":"branch","line":31,"loc":{"start":{"line":31,"column":44},"end":{"line":36,"column":3}},"locations":[{"start":{"line":31,"column":44},"end":{"line":36,"column":3}}]},"9":{"type":"branch","line":32,"loc":{"start":{"line":32,"column":20},"end":{"line":36,"column":3}},"locations":[{"start":{"line":32,"column":20},"end":{"line":36,"column":3}}]},"10":{"type":"branch","line":36,"loc":{"start":{"line":36,"column":2},"end":{"line":38,"column":1}},"locations":[{"start":{"line":36,"column":2},"end":{"line":38,"column":1}}]},"11":{"type":"branch","line":13,"loc":{"start":{"line":13,"column":11},"end":{"line":28,"column":7}},"locations":[{"start":{"line":13,"column":11},"end":{"line":28,"column":7}}]},"12":{"type":"branch","line":14,"loc":{"start":{"line":14,"column":38},"end":{"line":16,"column":9}},"locations":[{"start":{"line":14,"column":38},"end":{"line":16,"column":9}}]},"13":{"type":"branch","line":16,"loc":{"start":{"line":16,"column":8},"end":{"line":17,"column":44}},"locations":[{"start":{"line":16,"column":8},"end":{"line":17,"column":44}}]},"14":{"type":"branch","line":17,"loc":{"start":{"line":17,"column":46},"end":{"line":26,"column":9}},"locations":[{"start":{"line":17,"column":46},"end":{"line":26,"column":9}}]},"15":{"type":"branch","line":19,"loc":{"start":{"line":19,"column":40},"end":{"line":19,"column":62}},"locations":[{"start":{"line":19,"column":40},"end":{"line":19,"column":62}}]},"16":{"type":"branch","line":19,"loc":{"start":{"line":19,"column":64},"end":{"line":22,"column":13}},"locations":[{"start":{"line":19,"column":64},"end":{"line":22,"column":13}}]},"17":{"type":"branch","line":22,"loc":{"start":{"line":22,"column":12},"end":{"line":24,"column":11}},"locations":[{"start":{"line":22,"column":12},"end":{"line":24,"column":11}}]},"18":{"type":"branch","line":24,"loc":{"start":{"line":24,"column":10},"end":{"line":26,"column":9}},"locations":[{"start":{"line":24,"column":10},"end":{"line":26,"column":9}}]},"19":{"type":"branch","line":26,"loc":{"start":{"line":26,"column":8},"end":{"line":28,"column":6}},"locations":[{"start":{"line":26,"column":8},"end":{"line":28,"column":6}}]},"20":{"type":"branch","line":40,"loc":{"start":{"line":40,"column":0},"end":{"line":60,"column":1}},"locations":[{"start":{"line":40,"column":0},"end":{"line":60,"column":1}}]},"21":{"type":"branch","line":44,"loc":{"start":{"line":44,"column":24},"end":{"line":44,"column":70}},"locations":[{"start":{"line":44,"column":24},"end":{"line":44,"column":70}}]},"22":{"type":"branch","line":44,"loc":{"start":{"line":44,"column":71},"end":{"line":44,"column":75}},"locations":[{"start":{"line":44,"column":71},"end":{"line":44,"column":75}}]},"23":{"type":"branch","line":47,"loc":{"start":{"line":47,"column":27},"end":{"line":47,"column":35}},"locations":[{"start":{"line":47,"column":27},"end":{"line":47,"column":35}}]},"24":{"type":"branch","line":48,"loc":{"start":{"line":48,"column":23},"end":{"line":48,"column":53}},"locations":[{"start":{"line":48,"column":23},"end":{"line":48,"column":53}}]},"25":{"type":"branch","line":48,"loc":{"start":{"line":48,"column":54},"end":{"line":48,"column":65}},"locations":[{"start":{"line":48,"column":54},"end":{"line":48,"column":65}}]},"26":{"type":"branch","line":51,"loc":{"start":{"line":51,"column":31},"end":{"line":53,"column":3}},"locations":[{"start":{"line":51,"column":31},"end":{"line":53,"column":3}}]},"27":{"type":"branch","line":53,"loc":{"start":{"line":53,"column":2},"end":{"line":56,"column":20}},"locations":[{"start":{"line":53,"column":2},"end":{"line":56,"column":20}}]},"28":{"type":"branch","line":56,"loc":{"start":{"line":56,"column":20},"end":{"line":58,"column":3}},"locations":[{"start":{"line":56,"column":20},"end":{"line":58,"column":3}}]},"29":{"type":"branch","line":58,"loc":{"start":{"line":58,"column":2},"end":{"line":60,"column":1}},"locations":[{"start":{"line":58,"column":2},"end":{"line":60,"column":1}}]},"30":{"type":"branch","line":63,"loc":{"start":{"line":63,"column":12},"end":{"line":63,"column":73}},"locations":[{"start":{"line":63,"column":12},"end":{"line":63,"column":73}}]},"31":{"type":"branch","line":64,"loc":{"start":{"line":64,"column":9},"end":{"line":64,"column":67}},"locations":[{"start":{"line":64,"column":9},"end":{"line":64,"column":67}}]},"32":{"type":"branch","line":65,"loc":{"start":{"line":65,"column":6},"end":{"line":65,"column":47}},"locations":[{"start":{"line":65,"column":6},"end":{"line":65,"column":47}}]},"33":{"type":"branch","line":66,"loc":{"start":{"line":66,"column":16},"end":{"line":66,"column":53}},"locations":[{"start":{"line":66,"column":16},"end":{"line":66,"column":53}}]},"34":{"type":"branch","line":67,"loc":{"start":{"line":67,"column":23},"end":{"line":67,"column":68}},"locations":[{"start":{"line":67,"column":23},"end":{"line":67,"column":68}}]},"35":{"type":"branch","line":68,"loc":{"start":{"line":68,"column":20},"end":{"line":68,"column":62}},"locations":[{"start":{"line":68,"column":20},"end":{"line":68,"column":62}}]},"36":{"type":"branch","line":69,"loc":{"start":{"line":69,"column":17},"end":{"line":69,"column":56}},"locations":[{"start":{"line":69,"column":17},"end":{"line":69,"column":56}}]},"37":{"type":"branch","line":70,"loc":{"start":{"line":70,"column":17},"end":{"line":70,"column":60}},"locations":[{"start":{"line":70,"column":17},"end":{"line":70,"column":60}}]},"38":{"type":"branch","line":71,"loc":{"start":{"line":71,"column":18},"end":{"line":71,"column":89}},"locations":[{"start":{"line":71,"column":18},"end":{"line":71,"column":89}}]},"39":{"type":"branch","line":72,"loc":{"start":{"line":72,"column":21},"end":{"line":72,"column":102}},"locations":[{"start":{"line":72,"column":21},"end":{"line":72,"column":102}}]},"40":{"type":"branch","line":73,"loc":{"start":{"line":73,"column":18},"end":{"line":73,"column":89}},"locations":[{"start":{"line":73,"column":18},"end":{"line":73,"column":89}}]},"41":{"type":"branch","line":74,"loc":{"start":{"line":74,"column":18},"end":{"line":74,"column":98}},"locations":[{"start":{"line":74,"column":18},"end":{"line":74,"column":98}}]},"42":{"type":"branch","line":75,"loc":{"start":{"line":75,"column":14},"end":{"line":75,"column":54}},"locations":[{"start":{"line":75,"column":14},"end":{"line":75,"column":54}}]},"43":{"type":"branch","line":76,"loc":{"start":{"line":76,"column":15},"end":{"line":76,"column":89}},"locations":[{"start":{"line":76,"column":15},"end":{"line":76,"column":89}}]},"44":{"type":"branch","line":77,"loc":{"start":{"line":77,"column":15},"end":{"line":77,"column":98}},"locations":[{"start":{"line":77,"column":15},"end":{"line":77,"column":98}}]},"45":{"type":"branch","line":78,"loc":{"start":{"line":78,"column":15},"end":{"line":78,"column":89}},"locations":[{"start":{"line":78,"column":15},"end":{"line":78,"column":89}}]}},"b":{"0":[7],"1":[1],"2":[6],"3":[0],"4":[1],"5":[5],"6":[3],"7":[2],"8":[2],"9":[1],"10":[0],"11":[4],"12":[1],"13":[3],"14":[3],"15":[2],"16":[2],"17":[1],"18":[0],"19":[0],"20":[26],"21":[14],"22":[12],"23":[13],"24":[10],"25":[16],"26":[1],"27":[25],"28":[7],"29":[18],"30":[2],"31":[2],"32":[2],"33":[2],"34":[2],"35":[2],"36":[2],"37":[2],"38":[2],"39":[1],"40":[2],"41":[1],"42":[1],"43":[1],"44":[1],"45":[1]},"fnMap":{"0":{"name":"getErrorMessage","decl":{"start":{"line":3,"column":0},"end":{"line":38,"column":1}},"loc":{"start":{"line":3,"column":0},"end":{"line":38,"column":1}},"line":3},"1":{"name":"request","decl":{"start":{"line":40,"column":0},"end":{"line":60,"column":1}},"loc":{"start":{"line":40,"column":0},"end":{"line":60,"column":1}},"line":40},"2":{"name":"register","decl":{"start":{"line":63,"column":12},"end":{"line":63,"column":73}},"loc":{"start":{"line":63,"column":12},"end":{"line":63,"column":73}},"line":63},"3":{"name":"login","decl":{"start":{"line":64,"column":9},"end":{"line":64,"column":67}},"loc":{"start":{"line":64,"column":9},"end":{"line":64,"column":67}},"line":64},"4":{"name":"me","decl":{"start":{"line":65,"column":6},"end":{"line":65,"column":47}},"loc":{"start":{"line":65,"column":6},"end":{"line":65,"column":47}},"line":65},"5":{"name":"getOrganisms","decl":{"start":{"line":66,"column":16},"end":{"line":66,"column":53}},"loc":{"start":{"line":66,"column":16},"end":{"line":66,"column":53}},"line":66},"6":{"name":"getDamageCategories","decl":{"start":{"line":67,"column":23},"end":{"line":67,"column":68}},"loc":{"start":{"line":67,"column":23},"end":{"line":67,"column":68}},"line":67},"7":{"name":"getBodyLocations","decl":{"start":{"line":68,"column":20},"end":{"line":68,"column":62}},"loc":{"start":{"line":68,"column":20},"end":{"line":68,"column":62}},"line":68},"8":{"name":"getRiskLevels","decl":{"start":{"line":69,"column":17},"end":{"line":69,"column":56}},"loc":{"start":{"line":69,"column":17},"end":{"line":69,"column":56}},"line":69},"9":{"name":"listScenarios","decl":{"start":{"line":70,"column":17},"end":{"line":70,"column":60}},"loc":{"start":{"line":70,"column":17},"end":{"line":70,"column":60}},"line":70},"10":{"name":"createScenario","decl":{"start":{"line":71,"column":18},"end":{"line":71,"column":89}},"loc":{"start":{"line":71,"column":18},"end":{"line":71,"column":89}},"line":71},"11":{"name":"calculateScenario","decl":{"start":{"line":72,"column":21},"end":{"line":72,"column":102}},"loc":{"start":{"line":72,"column":21},"end":{"line":72,"column":102}},"line":72},"12":{"name":"deleteScenario","decl":{"start":{"line":73,"column":18},"end":{"line":73,"column":89}},"loc":{"start":{"line":73,"column":18},"end":{"line":73,"column":89}},"line":73},"13":{"name":"updateScenario","decl":{"start":{"line":74,"column":18},"end":{"line":74,"column":98}},"loc":{"start":{"line":74,"column":18},"end":{"line":74,"column":98}},"line":74},"14":{"name":"listToxins","decl":{"start":{"line":75,"column":14},"end":{"line":75,"column":54}},"loc":{"start":{"line":75,"column":14},"end":{"line":75,"column":54}},"line":75},"15":{"name":"createToxin","decl":{"start":{"line":76,"column":15},"end":{"line":76,"column":89}},"loc":{"start":{"line":76,"column":15},"end":{"line":76,"column":89}},"line":76},"16":{"name":"updateToxin","decl":{"start":{"line":77,"column":15},"end":{"line":77,"column":98}},"loc":{"start":{"line":77,"column":15},"end":{"line":77,"column":98}},"line":77},"17":{"name":"deleteToxin","decl":{"start":{"line":78,"column":15},"end":{"line":78,"column":89}},"loc":{"start":{"line":78,"column":15},"end":{"line":78,"column":89}},"line":78}},"f":{"0":7,"1":26,"2":2,"3":2,"4":2,"5":2,"6":2,"7":2,"8":2,"9":2,"10":2,"11":1,"12":2,"13":1,"14":1,"15":1,"16":1,"17":1}}
}
